#
# A fatal error has been detected by the Java Runtime Environment:
#
#  SIGSEGV (0xb) at pc=0x00007f76f254f620, pid=1510, tid=1576
#
# JRE version: OpenJDK Runtime Environment Temurin-17.0.9+9 (17.0.9+9) (build 17.0.9+9)
# Java VM: OpenJDK 64-Bit Server VM Temurin-17.0.9+9 (17.0.9+9, mixed mode, tiered, compressed oops, compressed class ptrs, parallel gc, linux-amd64)
# Problematic frame:
# V  [libjvm.so+0xc99620]  oopDesc* PSPromotionManager::copy_unmarked_to_survivor_space<false>(oopDesc*, markWord)+0x40
#
# No core dump will be written. Core dumps have been disabled. To enable core dumping, try "ulimit -c unlimited" before starting Java again
#
# If you would like to submit a bug report, please visit:
#   https://github.com/adoptium/adoptium-support/issues
#

---------------  S U M M A R Y ------------

Command Line: --add-modules=ALL-SYSTEM --add-opens=java.base/java.util=ALL-UNNAMED --add-opens=java.base/java.lang=ALL-UNNAMED --add-opens=java.base/sun.nio.fs=ALL-UNNAMED -Declipse.application=org.eclipse.jdt.ls.core.id1 -Dosgi.bundles.defaultStartLevel=4 -Declipse.product=org.eclipse.jdt.ls.core.product -Djava.import.generatesMetadataFilesAtProjectRoot=false -DDetectVMInstallationsJob.disabled=true -Dfile.encoding=utf8 -XX:+UseParallelGC -XX:GCTimeRatio=4 -XX:AdaptiveSizePolicyWeight=90 -Dsun.zip.disableMemoryMapping=true -Xmx1G -Xms100m -Xlog:disable -javaagent:/home/victor/.vscode-server/extensions/redhat.java-1.25.1-linux-x64/lombok/lombok-1.18.30.jar /home/victor/.vscode-server/extensions/redhat.java-1.25.1-linux-x64/server/plugins/org.eclipse.equinox.launcher_1.6.600.v20231106-1826.jar -configuration /home/victor/.vscode-server/data/User/globalStorage/redhat.java/1.25.1/config_ss_linux -data /home/victor/.vscode-server/data/User/workspaceStorage/d64d7e0f1ff71de2348301c184e6da99/redhat.java/ss_ws --stdio

Host: Intel(R) Core(TM) i5-10300H CPU @ 2.50GHz, 8 cores, 11G, Ubuntu 22.04.3 LTS
Time: Mon Dec 11 12:34:33 2023 -03 elapsed time: 9.633653 seconds (0d 0h 0m 9s)

---------------  T H R E A D  ---------------

Current thread (0x00007f76c8002e20):  GCTaskThread "GC Thread#2" [stack: 0x00007f76ce3f1000,0x00007f76ce4f1000] [id=1576]

Stack: [0x00007f76ce3f1000,0x00007f76ce4f1000],  sp=0x00007f76ce4efb90,  free space=1018k
Native frames: (J=compiled Java code, j=interpreted, Vv=VM code, C=native code)
V  [libjvm.so+0xc99620]  oopDesc* PSPromotionManager::copy_unmarked_to_survivor_space<false>(oopDesc*, markWord)+0x40
V  [libjvm.so+0xc992f2]  PSPromotionManager::drain_stacks_depth(bool)+0x592
V  [libjvm.so+0xc9d981]  ScavengeRootsTask::work(unsigned int)+0xe1
V  [libjvm.so+0xf137bf]  GangWorker::loop()+0x5f
V  [libjvm.so+0xf1381f]
V  [libjvm.so+0xe629b0]  Thread::call_run()+0xc0
V  [libjvm.so+0xc23e91]  thread_native_entry(Thread*)+0xe1


siginfo: si_signo: 11 (SIGSEGV), si_code: 1 (SEGV_MAPERR), si_addr: 0x0000000000000008

Registers:
RAX=0x00007f76f2b70320, RBX=0x00007f76ec1d0880, RCX=0x0000000000000003, RDX=0x0000000000000001
RSP=0x00007f76ce4efb90, RBP=0x00007f76ce4efc00, RSI=0x00000000eb8a82f0, RDI=0x0000000000000000
R8 =0x00007f76ce4efbb0, R9 =0x0000000000000000, R10=0x0000000100064410, R11=0x0000000000000000
R12=0x00000000eb8a82f0, R13=0x00000000ec30a6f4, R14=0x00000000ec30a6f5, R15=0x00007f76f2b70330
RIP=0x00007f76f254f620, EFLAGS=0x0000000000010246, CSGSFS=0x002b000000000033, ERR=0x0000000000000004
  TRAPNO=0x000000000000000e


Register to memory mapping:

RAX=0x00007f76f2b70320: <offset 0x00000000012ba320> in /home/victor/.vscode-server/extensions/redhat.java-1.25.1-linux-x64/jre/17.0.9-linux-x86_64/lib/server/libjvm.so at 0x00007f76f18b6000
RBX=0x00007f76ec1d0880 points into unknown readable memory: 0x00007f76f2b671e0 | e0 71 b6 f2 76 7f 00 00
RCX=0x0000000000000003 is an unknown value
RDX=0x0000000000000001 is an unknown value
RSP=0x00007f76ce4efb90 points into unknown readable memory: 0x0000000000000001 | 01 00 00 00 00 00 00 00
RBP=0x00007f76ce4efc00 points into unknown readable memory: 0x00007f76ce4efc50 | 50 fc 4e ce 76 7f 00 00
RSI=0x00000000eb8a82f0 points into unknown readable memory: 0x0000000000000000 | 00 00 00 00 00 00 00 00
RDI=0x0 is NULL
R8 =0x00007f76ce4efbb0 points into unknown readable memory: 0x00007f76f2ac7e10 | 10 7e ac f2 76 7f 00 00
R9 =0x0 is NULL
R10=0x0000000100064410 is a pointer to class: 
R11=0x0 is NULL
R12=0x00000000eb8a82f0 points into unknown readable memory: 0x0000000000000000 | 00 00 00 00 00 00 00 00
R13=0x00000000ec30a6f4 points into unknown readable memory: f0 82 8a eb
R14=0x00000000ec30a6f5 points into unknown readable memory: 82 8a eb
R15=0x00007f76f2b70330: <offset 0x00000000012ba330> in /home/victor/.vscode-server/extensions/redhat.java-1.25.1-linux-x64/jre/17.0.9-linux-x86_64/lib/server/libjvm.so at 0x00007f76f18b6000


Top of Stack: (sp=0x00007f76ce4efb90)
0x00007f76ce4efb90:   0000000000000001 00007f7600000000
0x00007f76ce4efba0:   0000000200000000 0000000000000000
0x00007f76ce4efbb0:   00007f76f2ac7e10 00007f76ec0aac00
0x00007f76ce4efbc0:   00007f76ec1d0880 00007f76da9d6510
0x00007f76ce4efbd0:   00007f76ce4efc00 00007f76ec1d0880
0x00007f76ce4efbe0:   00007f76ec1d09e0 00000000ec30a6f4
0x00007f76ce4efbf0:   00000000ec30a6f5 00007f76f2b70330
0x00007f76ce4efc00:   00007f76ce4efc50 00007f76f254f2f2
0x00007f76ce4efc10:   00000000ec30a3f0 00007f76cf3f24e0
0x00007f76ce4efc20:   00007f76ec1d0880 0000000000000001
0x00007f76ce4efc30:   00007f76ec1d0880 00007f76ce4efcec
0x00007f76ce4efc40:   00007f76ce4efd00 00007f76cf3f2618
0x00007f76ce4efc50:   00007f76ce4efd50 00007f76f2553981
0x00007f76ce4efc60:   00000002f101d280 00000000000003d8
0x00007f76ce4efc70:   00007f7690001bd8 00007f7690001800
0x00007f76ce4efc80:   00007f76c80030e0 00007f76900017f0
0x00007f76ce4efc90:   00007f76cf3f24e0 00007f76f2c8e122
0x00007f76ce4efca0:   00000000ce4efd50 00000189f254b810
0x00007f76ce4efcb0:   00007f76ce4efd00 0000000000000000
0x00007f76ce4efcc0:   00007f76f2ac81f8 00007f76f2ac81d8
0x00007f76ce4efcd0:   fffffffeffffffff 00007f76ce4efcf0
0x00007f76ce4efce0:   00007f76f2c99bb0 00000001ec03f240
0x00007f76ce4efcf0:   00007f76f2ac8230 00007f76ec1d0880
0x00007f76ce4efd00:   00007f76f2ac1428 00007f76ce4efcf0
0x00007f76ce4efd10:   0000000000000501 00007f76ec03f240
0x00007f76ce4efd20:   00007f76ce4efd50 00007f76ce4efd6c
0x00007f76ce4efd30:   00007f76cf3f24e0 0000000000000000
0x00007f76ce4efd40:   0000000000000001 00007f76c8002e20
0x00007f76ce4efd50:   00007f76ce4efda0 00007f76f27c97bf
0x00007f76ce4efd60:   0000000000000058 ffffffffc8003390
0x00007f76ce4efd70:   00007f76ce4efdc0 00007f76c8003390
0x00007f76ce4efd80:   00007f76c8002e20 00007f76ce3f1000 

Instructions: (pc=0x00007f76f254f620)
0x00007f76f254f520:   e8 2b ea 72 ff e9 f9 fb ff ff 66 0f 1f 44 00 00
0x00007f76f254f530:   48 8d 05 11 1b 6a 00 4c 89 ee 48 89 55 c0 48 8b
0x00007f76f254f540:   38 e8 2a 86 fa ff 84 c0 0f 84 b2 f9 ff ff 48 8b
0x00007f76f254f550:   55 c0 49 39 16 0f 87 a5 f9 ff ff 48 8d 05 3e 3c
0x00007f76f254f560:   68 00 4d 89 e8 49 c1 e8 09 48 8b 00 48 8b 40 40
0x00007f76f254f570:   42 c6 04 00 03 e9 86 f9 ff ff 66 0f 1f 44 00 00
0x00007f76f254f580:   8b 93 60 01 00 00 8b 83 e0 00 00 00 29 d0 25 ff
0x00007f76f254f590:   ff 01 00 3d ff ff 01 00 74 08 85 c0 0f 85 fe f7
0x00007f76f254f5a0:   ff ff 48 83 c4 18 5b 41 5c 41 5d 41 5e 41 5f 5d
0x00007f76f254f5b0:   c3 31 d2 e9 3d fd ff ff 45 31 ff e9 a1 fd ff ff
0x00007f76f254f5c0:   45 31 ed e9 29 fa ff ff 31 d2 e9 ba f9 ff ff 45
0x00007f76f254f5d0:   31 ed e9 a2 fa ff ff 31 d2 e9 04 f9 ff ff 66 90
0x00007f76f254f5e0:   55 48 89 e5 41 57 41 56 41 55 41 54 49 89 f4 53
0x00007f76f254f5f0:   48 89 fb 48 83 ec 48 48 8d 05 e7 7c 66 00 48 89
0x00007f76f254f600:   55 a8 0f b6 10 84 d2 0f 84 0b 04 00 00 48 8d 05
0x00007f76f254f610:   0c 0d 62 00 8b 7e 08 8b 48 08 48 d3 e7 48 03 38
0x00007f76f254f620:   8b 47 08 89 45 a4 85 c0 0f 8e da 02 00 00 a8 01
0x00007f76f254f630:   0f 84 9a 00 00 00 48 8b 07 48 8d 15 b0 52 5f ff
0x00007f76f254f640:   48 8b 80 00 01 00 00 48 39 d0 0f 85 3d 04 00 00
0x00007f76f254f650:   c1 7d a4 03 4c 63 6d a4 48 8b 55 a8 49 89 d6 49
0x00007f76f254f660:   c1 ee 03 44 89 f0 83 e0 0f 83 e2 01 89 45 a0 0f
0x00007f76f254f670:   84 b3 03 00 00 48 8d 05 1c 3b 68 00 8b 4d a0 3b
0x00007f76f254f680:   08 0f 83 29 01 00 00 4c 8b 7b 08 48 8b 43 18 4c
0x00007f76f254f690:   29 f8 48 c1 e8 03 4c 39 e8 0f 82 01 01 00 00 4b
0x00007f76f254f6a0:   8d 04 ef 45 31 db 48 89 43 08 4d 85 ff 0f 84 ed
0x00007f76f254f6b0:   00 00 00 8b 45 a4 83 f8 08 0f 87 69 06 00 00 48
0x00007f76f254f6c0:   8d 15 fa 47 36 00 48 63 04 82 48 01 d0 ff e0 90
0x00007f76f254f6d0:   c1 f8 03 89 45 a4 4c 63 e8 e9 7a ff ff ff 66 90
0x00007f76f254f6e0:   49 8b 44 24 38 49 89 47 38 49 8b 44 24 30 49 89
0x00007f76f254f6f0:   47 30 49 8b 44 24 28 49 89 47 28 49 8b 44 24 20
0x00007f76f254f700:   49 89 47 20 49 8b 44 24 18 49 89 47 18 49 8b 44
0x00007f76f254f710:   24 10 49 89 47 10 49 8b 44 24 08 49 89 47 08 49 


Stack slot to memory mapping:
stack at sp + 0 slots: 0x0000000000000001 is an unknown value
stack at sp + 1 slots: 0x00007f7600000000 is an unknown value
stack at sp + 2 slots: 0x0000000200000000 is an unknown value
stack at sp + 3 slots: 0x0 is NULL
stack at sp + 4 slots: 0x00007f76f2ac7e10: <offset 0x0000000001211e10> in /home/victor/.vscode-server/extensions/redhat.java-1.25.1-linux-x64/jre/17.0.9-linux-x86_64/lib/server/libjvm.so at 0x00007f76f18b6000
stack at sp + 5 slots: 0x00007f76ec0aac00 points into unknown readable memory: 0x00007f76f2ac8420 | 20 84 ac f2 76 7f 00 00
stack at sp + 6 slots: 0x00007f76ec1d0880 points into unknown readable memory: 0x00007f76f2b671e0 | e0 71 b6 f2 76 7f 00 00
stack at sp + 7 slots: 0x00007f76da9d6510 is at entry_point+-1360 in (nmethod*)0x00007f76da9d6510
Compiled method (c1)    9640 3064       3       jdk.internal.jimage.ImageReader$SharedImageReader::handlePackages (251 bytes)
 total in heap  [0x00007f76da9d6510,0x00007f76da9d9bd8] = 14024
 relocation     [0x00007f76da9d6670,0x00007f76da9d6a58] = 1000
 main code      [0x00007f76da9d6a60,0x00007f76da9d8aa0] = 8256
 stub code      [0x00007f76da9d8aa0,0x00007f76da9d8d30] = 656
 oops           [0x00007f76da9d8d30,0x00007f76da9d8d50] = 32
 metadata       [0x00007f76da9d8d50,0x00007f76da9d8e00] = 176
 scopes data    [0x00007f76da9d8e00,0x00007f76da9d9590] = 1936
 scopes pcs     [0x00007f76da9d9590,0x00007f76da9d9b40] = 1456
 dependencies   [0x00007f76da9d9b40,0x00007f76da9d9b70] = 48
 nul chk table  [0x00007f76da9d9b70,0x00007f76da9d9bd8] = 104


---------------  P R O C E S S  ---------------

Threads class SMR info:
_java_thread_list=0x00007f764805eb00, length=23, elements={
0x00007f76ec027d90, 0x00007f76ec1e6c70, 0x00007f76ec1e81f0, 0x00007f76ec2120e0,
0x00007f76ec2159d0, 0x00007f76ec216970, 0x00007f76ec217fd0, 0x00007f76ec219490,
0x00007f76ec2228d0, 0x00007f76ec2b8650, 0x00007f76ec3c2dd0, 0x00007f76ec4e9bf0,
0x00007f76ec5e95b0, 0x00007f76ec633400, 0x00007f76ec635f60, 0x00007f7668033870,
0x00007f7668233d20, 0x00007f76682ec250, 0x00007f76682f55a0, 0x00007f76ec6474f0,
0x00007f76ec6ce0e0, 0x00007f76ec6dc100, 0x00007f764805e2e0
}

Java Threads: ( => current thread )
  0x00007f76ec027d90 JavaThread "main" [_thread_blocked, id=1511, stack(0x00007f76f16ca000,0x00007f76f17ca000)]
  0x00007f76ec1e6c70 JavaThread "Reference Handler" daemon [_thread_blocked, id=1514, stack(0x00007f76cf1f3000,0x00007f76cf2f3000)]
  0x00007f76ec1e81f0 JavaThread "Finalizer" daemon [_thread_blocked, id=1515, stack(0x00007f76cf0f3000,0x00007f76cf1f3000)]
  0x00007f76ec2120e0 JavaThread "Signal Dispatcher" daemon [_thread_blocked, id=1516, stack(0x00007f76ceff3000,0x00007f76cf0f3000)]
  0x00007f76ec2159d0 JavaThread "Service Thread" daemon [_thread_blocked, id=1517, stack(0x00007f76ceef3000,0x00007f76ceff3000)]
  0x00007f76ec216970 JavaThread "Monitor Deflation Thread" daemon [_thread_blocked, id=1518, stack(0x00007f76cedf3000,0x00007f76ceef3000)]
  0x00007f76ec217fd0 JavaThread "C2 CompilerThread0" daemon [_thread_blocked, id=1519, stack(0x00007f76cecf3000,0x00007f76cedf3000)]
  0x00007f76ec219490 JavaThread "C1 CompilerThread0" daemon [_thread_blocked, id=1520, stack(0x00007f76cebf3000,0x00007f76cecf3000)]
  0x00007f76ec2228d0 JavaThread "Sweeper thread" daemon [_thread_blocked, id=1521, stack(0x00007f76ceaf3000,0x00007f76cebf3000)]
  0x00007f76ec2b8650 JavaThread "Common-Cleaner" daemon [_thread_blocked, id=1535, stack(0x00007f76ce9f3000,0x00007f76ceaf3000)]
  0x00007f76ec3c2dd0 JavaThread "Notification Thread" daemon [_thread_blocked, id=1549, stack(0x00007f76ce7f3000,0x00007f76ce8f3000)]
  0x00007f76ec4e9bf0 JavaThread "process reaper" daemon [_thread_blocked, id=1564, stack(0x00007f76f0012000,0x00007f76f0034000)]
  0x00007f76ec5e95b0 JavaThread "Active Thread: Equinox Container: 80eb03b7-2b7d-4d7a-ac6b-4a89ec664ec1" [_thread_blocked, id=1591, stack(0x00007f76cdeec000,0x00007f76cdfec000)]
  0x00007f76ec633400 JavaThread "Framework Event Dispatcher: Equinox Container: 80eb03b7-2b7d-4d7a-ac6b-4a89ec664ec1" daemon [_thread_blocked, id=1593, stack(0x00007f76cddec000,0x00007f76cdeec000)]
  0x00007f76ec635f60 JavaThread "Start Level: Equinox Container: 80eb03b7-2b7d-4d7a-ac6b-4a89ec664ec1" daemon [_thread_blocked, id=1594, stack(0x00007f76cdcec000,0x00007f76cddec000)]
  0x00007f7668033870 JavaThread "SCR Component Actor" daemon [_thread_blocked, id=1595, stack(0x00007f76cd900000,0x00007f76cda00000)]
  0x00007f7668233d20 JavaThread "Worker-JM" [_thread_blocked, id=1601, stack(0x00007f76cd6ff000,0x00007f76cd7ff000)]
  0x00007f76682ec250 JavaThread "Worker-0" [_thread_blocked, id=1610, stack(0x00007f76cd5ff000,0x00007f76cd6ff000)]
  0x00007f76682f55a0 JavaThread "Worker-1: Shutdown..." [_thread_blocked, id=1611, stack(0x00007f76ce8f3000,0x00007f76ce9f3000)]
  0x00007f76ec6474f0 JavaThread "pool-2-thread-1" [_thread_blocked, id=1623, stack(0x00007f76cd2ff000,0x00007f76cd3ff000)]
  0x00007f76ec6ce0e0 JavaThread "WorkspaceEventsHandler" [_thread_blocked, id=1625, stack(0x00007f76cd4ff000,0x00007f76cd5ff000)]
  0x00007f76ec6dc100 JavaThread "pool-1-thread-1" [_thread_blocked, id=1626, stack(0x00007f76cd1ff000,0x00007f76cd2ff000)]
  0x00007f764805e2e0 JavaThread "ForkJoinPool.commonPool-worker-1" daemon [_thread_blocked, id=1969, stack(0x00007f76ce5f2000,0x00007f76ce6f2000)]

Other Threads:
  0x00007f76ec068c80 VMThread "VM Thread" [stack: 0x00007f76cf2f4000,0x00007f76cf3f4000] [id=1513]
  0x00007f76ec357150 WatcherThread [stack: 0x00007f76ce6f3000,0x00007f76ce7f3000] [id=1550]
  0x00007f76ec03f500 GCTaskThread "GC Thread#0" [stack: 0x00007f76f1188000,0x00007f76f1288000] [id=1512]
  0x00007f76c8001250 GCTaskThread "GC Thread#1" [stack: 0x00007f76ce4f2000,0x00007f76ce5f2000] [id=1575]
=>0x00007f76c8002e20 GCTaskThread "GC Thread#2" [stack: 0x00007f76ce3f1000,0x00007f76ce4f1000] [id=1576]
  0x00007f76c8003620 GCTaskThread "GC Thread#3" [stack: 0x00007f76ce2f0000,0x00007f76ce3f0000] [id=1577]
  0x00007f76c8003fe0 GCTaskThread "GC Thread#4" [stack: 0x00007f76ce1ef000,0x00007f76ce2ef000] [id=1578]
  0x00007f76c80049a0 GCTaskThread "GC Thread#5" [stack: 0x00007f76ce0ee000,0x00007f76ce1ee000] [id=1579]
  0x00007f76c80053a0 GCTaskThread "GC Thread#6" [stack: 0x00007f76cdfed000,0x00007f76ce0ed000] [id=1580]
  0x00007f76c8006210 GCTaskThread "GC Thread#7" [stack: 0x00007f76cd800000,0x00007f76cd900000] [id=1598]

Threads with active compile tasks:
C1 CompilerThread0     9643 3397       3       java.lang.invoke.MethodTypeForm::<init> (322 bytes)

VM state: at safepoint (normal execution)

VM Mutex/Monitor currently owned by a thread:  ([mutex/lock_event])
[0x00007f76ec024b60] Threads_lock - owner thread: 0x00007f76ec068c80
[0x00007f76ec025310] Heap_lock - owner thread: 0x00007f76682f55a0

Heap address: 0x00000000c0000000, size: 1024 MB, Compressed Oops mode: 32-bit

CDS archive(s) not mapped
Compressed class space mapped at: 0x0000000100000000-0x0000000140000000, reserved size: 1073741824
Narrow klass base: 0x0000000000000000, Narrow klass shift: 3, Narrow klass range: 0x140000000

GC Precious Log:
 CPUs: 8 total, 8 available
 Memory: 11879M
 Large Page Support: Disabled
 NUMA Support: Disabled
 Compressed Oops: Enabled (32-bit)
 Alignments: Space 512K, Generation 512K, Heap 2M
 Heap Min Capacity: 100M
 Heap Initial Capacity: 100M
 Heap Max Capacity: 1G
 Pre-touch: Disabled
 Parallel Workers: 8

Heap:
 PSYoungGen      total 27136K, used 24064K [0x00000000eab00000, 0x00000000ec900000, 0x0000000100000000)
  eden space 24064K, 100% used [0x00000000eab00000,0x00000000ec280000,0x00000000ec280000)
  from space 3072K, 0% used [0x00000000ec600000,0x00000000ec600000,0x00000000ec900000)
  to   space 3072K, 19% used [0x00000000ec300000,0x00000000ec398020,0x00000000ec600000)
 ParOldGen       total 68608K, used 10928K [0x00000000c0000000, 0x00000000c4300000, 0x00000000eab00000)
  object space 68608K, 15% used [0x00000000c0000000,0x00000000c0aac348,0x00000000c4300000)
 Metaspace       used 36282K, committed 36928K, reserved 1114112K
  class space    used 3715K, committed 4032K, reserved 1048576K

Card table byte_map: [0x00007f76f1288000,0x00007f76f1489000] _byte_map_base: 0x00007f76f0c88000

Marking Bits: (ParMarkBitMap*) 0x00007f76f2bd2c40
 Begin Bits: [0x00007f76d83db000, 0x00007f76d93db000)
 End Bits:   [0x00007f76d93db000, 0x00007f76da3db000)

Polling page: 0x00007f76f2e35000

Metaspace:

Usage:
  Non-class:     31.80 MB used.
      Class:      3.63 MB used.
       Both:     35.43 MB used.

Virtual space:
  Non-class space:       64.00 MB reserved,      32.12 MB ( 50%) committed,  1 nodes.
      Class space:        1.00 GB reserved,       3.94 MB ( <1%) committed,  1 nodes.
             Both:        1.06 GB reserved,      36.06 MB (  3%) committed. 

Chunk freelists:
   Non-Class:  15.56 MB
       Class:  12.11 MB
        Both:  27.67 MB

MaxMetaspaceSize: unlimited
CompressedClassSpaceSize: 1.00 GB
Initial GC threshold: 21.00 MB
Current GC threshold: 58.38 MB
CDS: off
MetaspaceReclaimPolicy: balanced
 - commit_granule_bytes: 65536.
 - commit_granule_words: 8192.
 - virtual_space_node_default_size: 8388608.
 - enlarge_chunks_in_place: 1.
 - new_chunks_are_fully_committed: 0.
 - uncommit_free_chunks: 1.
 - use_allocation_guard: 0.
 - handle_deallocations: 1.


Internal statistics:

num_allocs_failed_limit: 6.
num_arena_births: 354.
num_arena_deaths: 14.
num_vsnodes_births: 2.
num_vsnodes_deaths: 0.
num_space_committed: 577.
num_space_uncommitted: 0.
num_chunks_returned_to_freelist: 20.
num_chunks_taken_from_freelist: 1460.
num_chunk_merges: 7.
num_chunk_splits: 961.
num_chunks_enlarged: 643.
num_inconsistent_stats: 0.

CodeHeap 'non-profiled nmethods': size=120028Kb used=1461Kb max_used=1461Kb free=118566Kb
 bounds [0x00007f76e1ea4000, 0x00007f76e2114000, 0x00007f76e93db000]
CodeHeap 'profiled nmethods': size=120028Kb used=6769Kb max_used=6769Kb free=113258Kb
 bounds [0x00007f76da3db000, 0x00007f76daa7b000, 0x00007f76e1912000]
CodeHeap 'non-nmethods': size=5704Kb used=1258Kb max_used=1313Kb free=4445Kb
 bounds [0x00007f76e1912000, 0x00007f76e1b82000, 0x00007f76e1ea4000]
 total_blobs=3981 nmethods=3397 adapters=499
 compilation: enabled
              stopped_count=0, restarted_count=0
 full_count=0

Compilation events (20 events):
Event: 5.550 Thread 0x00007f76ec217fd0 3391       4       org.eclipse.core.internal.preferences.ImmutableMap$ArrayMap::get (54 bytes)
Event: 5.552 Thread 0x00007f76ec219490 nmethod 3388 0x00007f76daa70d90 code [0x00007f76daa71000, 0x00007f76daa71a70]
Event: 5.552 Thread 0x00007f76ec219490 3385       3       com.google.gson.internal.bind.TypeAdapters$28::tryBeginNesting (62 bytes)
Event: 5.553 Thread 0x00007f76ec219490 nmethod 3385 0x00007f76daa71d90 code [0x00007f76daa71fe0, 0x00007f76daa729a0]
Event: 5.553 Thread 0x00007f76ec219490 3384       3       com.google.gson.stream.JsonReader::isLiteral (148 bytes)
Event: 5.554 Thread 0x00007f76ec219490 nmethod 3384 0x00007f76daa72d10 code [0x00007f76daa72f40, 0x00007f76daa73770]
Event: 5.554 Thread 0x00007f76ec219490 3390       3       com.google.gson.internal.bind.JsonTreeReader::popStack (29 bytes)
Event: 5.554 Thread 0x00007f76ec219490 nmethod 3390 0x00007f76daa73a10 code [0x00007f76daa73bc0, 0x00007f76daa73e30]
Event: 5.554 Thread 0x00007f76ec219490 3389       3       com.google.gson.internal.bind.ObjectTypeAdapter::tryBeginNesting (62 bytes)
Event: 5.554 Thread 0x00007f76ec219490 nmethod 3389 0x00007f76daa73f90 code [0x00007f76daa741a0, 0x00007f76daa74820]
Event: 5.554 Thread 0x00007f76ec219490 3386       3       com.google.gson.JsonElement::<init> (5 bytes)
Event: 5.555 Thread 0x00007f76ec219490 nmethod 3386 0x00007f76daa74a90 code [0x00007f76daa74c40, 0x00007f76daa74d90]
Event: 5.561 Thread 0x00007f76ec217fd0 nmethod 3391 0x00007f76e200fe90 code [0x00007f76e2010020, 0x00007f76e2010598]
Event: 5.561 Thread 0x00007f76ec217fd0 3392       4       java.util.Hashtable$Enumerator::nextElement (111 bytes)
Event: 5.562 Thread 0x00007f76ec217fd0 nmethod 3392 0x00007f76e2010810 code [0x00007f76e20109a0, 0x00007f76e2010a98]
Event: 9.590 Thread 0x00007f76ec219490 3394       3       java.lang.invoke.MethodHandles$Lookup::linkMethodHandleConstant (222 bytes)
Event: 9.595 Thread 0x00007f76ec219490 nmethod 3394 0x00007f76daa74e90 code [0x00007f76daa75260, 0x00007f76daa76a60]
Event: 9.596 Thread 0x00007f76ec219490 3393   !   3       java.lang.invoke.MethodHandleNatives::linkMethodHandleConstant (50 bytes)
Event: 9.596 Thread 0x00007f76ec219490 nmethod 3393 0x00007f76daa77210 code [0x00007f76daa773e0, 0x00007f76daa775c0]
Event: 9.603 Thread 0x00007f76ec219490 3397       3       java.lang.invoke.MethodTypeForm::<init> (322 bytes)

GC Heap History (20 events):
Event: 0.970 GC heap after
{Heap after GC invocations=1 (full 0):
 PSYoungGen      total 29696K, used 3191K [0x00000000eab00000, 0x00000000ecc00000, 0x0000000100000000)
  eden space 25600K, 0% used [0x00000000eab00000,0x00000000eab00000,0x00000000ec400000)
  from space 4096K, 77% used [0x00000000ec400000,0x00000000ec71df88,0x00000000ec800000)
  to   space 4096K, 0% used [0x00000000ec800000,0x00000000ec800000,0x00000000ecc00000)
 ParOldGen       total 68608K, used 16K [0x00000000c0000000, 0x00000000c4300000, 0x00000000eab00000)
  object space 68608K, 0% used [0x00000000c0000000,0x00000000c0004000,0x00000000c4300000)
 Metaspace       used 11141K, committed 11264K, reserved 1114112K
  class space    used 1119K, committed 1152K, reserved 1048576K
}
Event: 1.766 GC heap before
{Heap before GC invocations=2 (full 0):
 PSYoungGen      total 29696K, used 28791K [0x00000000eab00000, 0x00000000ecc00000, 0x0000000100000000)
  eden space 25600K, 100% used [0x00000000eab00000,0x00000000ec400000,0x00000000ec400000)
  from space 4096K, 77% used [0x00000000ec400000,0x00000000ec71df88,0x00000000ec800000)
  to   space 4096K, 0% used [0x00000000ec800000,0x00000000ec800000,0x00000000ecc00000)
 ParOldGen       total 68608K, used 16K [0x00000000c0000000, 0x00000000c4300000, 0x00000000eab00000)
  object space 68608K, 0% used [0x00000000c0000000,0x00000000c0004000,0x00000000c4300000)
 Metaspace       used 15427K, committed 15680K, reserved 1114112K
  class space    used 1578K, committed 1728K, reserved 1048576K
}
Event: 1.771 GC heap after
{Heap after GC invocations=2 (full 0):
 PSYoungGen      total 29696K, used 4066K [0x00000000eab00000, 0x00000000ecc00000, 0x0000000100000000)
  eden space 25600K, 0% used [0x00000000eab00000,0x00000000eab00000,0x00000000ec400000)
  from space 4096K, 99% used [0x00000000ec800000,0x00000000ecbf88d8,0x00000000ecc00000)
  to   space 4096K, 0% used [0x00000000ec400000,0x00000000ec400000,0x00000000ec800000)
 ParOldGen       total 68608K, used 748K [0x00000000c0000000, 0x00000000c4300000, 0x00000000eab00000)
  object space 68608K, 1% used [0x00000000c0000000,0x00000000c00bb350,0x00000000c4300000)
 Metaspace       used 15427K, committed 15680K, reserved 1114112K
  class space    used 1578K, committed 1728K, reserved 1048576K
}
Event: 2.407 GC heap before
{Heap before GC invocations=3 (full 0):
 PSYoungGen      total 29696K, used 29666K [0x00000000eab00000, 0x00000000ecc00000, 0x0000000100000000)
  eden space 25600K, 100% used [0x00000000eab00000,0x00000000ec400000,0x00000000ec400000)
  from space 4096K, 99% used [0x00000000ec800000,0x00000000ecbf88d8,0x00000000ecc00000)
  to   space 4096K, 0% used [0x00000000ec400000,0x00000000ec400000,0x00000000ec800000)
 ParOldGen       total 68608K, used 748K [0x00000000c0000000, 0x00000000c4300000, 0x00000000eab00000)
  object space 68608K, 1% used [0x00000000c0000000,0x00000000c00bb350,0x00000000c4300000)
 Metaspace       used 20450K, committed 20864K, reserved 1114112K
  class space    used 2099K, committed 2304K, reserved 1048576K
}
Event: 2.412 GC heap after
{Heap after GC invocations=3 (full 0):
 PSYoungGen      total 29696K, used 4071K [0x00000000eab00000, 0x00000000ecc00000, 0x0000000100000000)
  eden space 25600K, 0% used [0x00000000eab00000,0x00000000eab00000,0x00000000ec400000)
  from space 4096K, 99% used [0x00000000ec400000,0x00000000ec7f9f08,0x00000000ec800000)
  to   space 4096K, 0% used [0x00000000ec800000,0x00000000ec800000,0x00000000ecc00000)
 ParOldGen       total 68608K, used 2857K [0x00000000c0000000, 0x00000000c4300000, 0x00000000eab00000)
  object space 68608K, 4% used [0x00000000c0000000,0x00000000c02ca6d8,0x00000000c4300000)
 Metaspace       used 20450K, committed 20864K, reserved 1114112K
  class space    used 2099K, committed 2304K, reserved 1048576K
}
Event: 2.475 GC heap before
{Heap before GC invocations=4 (full 0):
 PSYoungGen      total 29696K, used 8006K [0x00000000eab00000, 0x00000000ecc00000, 0x0000000100000000)
  eden space 25600K, 15% used [0x00000000eab00000,0x00000000eaed79d0,0x00000000ec400000)
  from space 4096K, 99% used [0x00000000ec400000,0x00000000ec7f9f08,0x00000000ec800000)
  to   space 4096K, 0% used [0x00000000ec800000,0x00000000ec800000,0x00000000ecc00000)
 ParOldGen       total 68608K, used 2857K [0x00000000c0000000, 0x00000000c4300000, 0x00000000eab00000)
  object space 68608K, 4% used [0x00000000c0000000,0x00000000c02ca6d8,0x00000000c4300000)
 Metaspace       used 21094K, committed 21504K, reserved 1114112K
  class space    used 2170K, committed 2368K, reserved 1048576K
}
Event: 2.478 GC heap after
{Heap after GC invocations=4 (full 0):
 PSYoungGen      total 29696K, used 4080K [0x00000000eab00000, 0x00000000ecc00000, 0x0000000100000000)
  eden space 25600K, 0% used [0x00000000eab00000,0x00000000eab00000,0x00000000ec400000)
  from space 4096K, 99% used [0x00000000ec800000,0x00000000ecbfc1b0,0x00000000ecc00000)
  to   space 4096K, 0% used [0x00000000ec400000,0x00000000ec400000,0x00000000ec800000)
 ParOldGen       total 68608K, used 3009K [0x00000000c0000000, 0x00000000c4300000, 0x00000000eab00000)
  object space 68608K, 4% used [0x00000000c0000000,0x00000000c02f06d8,0x00000000c4300000)
 Metaspace       used 21094K, committed 21504K, reserved 1114112K
  class space    used 2170K, committed 2368K, reserved 1048576K
}
Event: 2.478 GC heap before
{Heap before GC invocations=5 (full 1):
 PSYoungGen      total 29696K, used 4080K [0x00000000eab00000, 0x00000000ecc00000, 0x0000000100000000)
  eden space 25600K, 0% used [0x00000000eab00000,0x00000000eab00000,0x00000000ec400000)
  from space 4096K, 99% used [0x00000000ec800000,0x00000000ecbfc1b0,0x00000000ecc00000)
  to   space 4096K, 0% used [0x00000000ec400000,0x00000000ec400000,0x00000000ec800000)
 ParOldGen       total 68608K, used 3009K [0x00000000c0000000, 0x00000000c4300000, 0x00000000eab00000)
  object space 68608K, 4% used [0x00000000c0000000,0x00000000c02f06d8,0x00000000c4300000)
 Metaspace       used 21094K, committed 21504K, reserved 1114112K
  class space    used 2170K, committed 2368K, reserved 1048576K
}
Event: 2.504 GC heap after
{Heap after GC invocations=5 (full 1):
 PSYoungGen      total 29696K, used 0K [0x00000000eab00000, 0x00000000ecc00000, 0x0000000100000000)
  eden space 25600K, 0% used [0x00000000eab00000,0x00000000eab00000,0x00000000ec400000)
  from space 4096K, 0% used [0x00000000ec800000,0x00000000ec800000,0x00000000ecc00000)
  to   space 4096K, 0% used [0x00000000ec400000,0x00000000ec400000,0x00000000ec800000)
 ParOldGen       total 68608K, used 6852K [0x00000000c0000000, 0x00000000c4300000, 0x00000000eab00000)
  object space 68608K, 9% used [0x00000000c0000000,0x00000000c06b11d0,0x00000000c4300000)
 Metaspace       used 21080K, committed 21504K, reserved 1114112K
  class space    used 2167K, committed 2368K, reserved 1048576K
}
Event: 2.762 GC heap before
{Heap before GC invocations=6 (full 1):
 PSYoungGen      total 29696K, used 25514K [0x00000000eab00000, 0x00000000ecc00000, 0x0000000100000000)
  eden space 25600K, 99% used [0x00000000eab00000,0x00000000ec3ea8f0,0x00000000ec400000)
  from space 4096K, 0% used [0x00000000ec800000,0x00000000ec800000,0x00000000ecc00000)
  to   space 4096K, 0% used [0x00000000ec400000,0x00000000ec400000,0x00000000ec800000)
 ParOldGen       total 68608K, used 6852K [0x00000000c0000000, 0x00000000c4300000, 0x00000000eab00000)
  object space 68608K, 9% used [0x00000000c0000000,0x00000000c06b11d0,0x00000000c4300000)
 Metaspace       used 24386K, committed 24896K, reserved 1114112K
  class space    used 2429K, committed 2624K, reserved 1048576K
}
Event: 2.763 GC heap after
{Heap after GC invocations=6 (full 1):
 PSYoungGen      total 26112K, used 613K [0x00000000eab00000, 0x00000000ec880000, 0x0000000100000000)
  eden space 25088K, 0% used [0x00000000eab00000,0x00000000eab00000,0x00000000ec380000)
  from space 1024K, 59% used [0x00000000ec400000,0x00000000ec499700,0x00000000ec500000)
  to   space 2560K, 0% used [0x00000000ec600000,0x00000000ec600000,0x00000000ec880000)
 ParOldGen       total 68608K, used 6860K [0x00000000c0000000, 0x00000000c4300000, 0x00000000eab00000)
  object space 68608K, 9% used [0x00000000c0000000,0x00000000c06b31d0,0x00000000c4300000)
 Metaspace       used 24386K, committed 24896K, reserved 1114112K
  class space    used 2429K, committed 2624K, reserved 1048576K
}
Event: 2.994 GC heap before
{Heap before GC invocations=7 (full 1):
 PSYoungGen      total 26112K, used 25701K [0x00000000eab00000, 0x00000000ec880000, 0x0000000100000000)
  eden space 25088K, 100% used [0x00000000eab00000,0x00000000ec380000,0x00000000ec380000)
  from space 1024K, 59% used [0x00000000ec400000,0x00000000ec499700,0x00000000ec500000)
  to   space 2560K, 0% used [0x00000000ec600000,0x00000000ec600000,0x00000000ec880000)
 ParOldGen       total 68608K, used 6860K [0x00000000c0000000, 0x00000000c4300000, 0x00000000eab00000)
  object space 68608K, 9% used [0x00000000c0000000,0x00000000c06b31d0,0x00000000c4300000)
 Metaspace       used 27524K, committed 28032K, reserved 1114112K
  class space    used 2682K, committed 2880K, reserved 1048576K
}
Event: 2.995 GC heap after
{Heap after GC invocations=7 (full 1):
 PSYoungGen      total 25600K, used 1016K [0x00000000eab00000, 0x00000000ec700000, 0x0000000100000000)
  eden space 24576K, 0% used [0x00000000eab00000,0x00000000eab00000,0x00000000ec300000)
  from space 1024K, 99% used [0x00000000ec600000,0x00000000ec6fe088,0x00000000ec700000)
  to   space 1536K, 0% used [0x00000000ec400000,0x00000000ec400000,0x00000000ec580000)
 ParOldGen       total 68608K, used 6868K [0x00000000c0000000, 0x00000000c4300000, 0x00000000eab00000)
  object space 68608K, 10% used [0x00000000c0000000,0x00000000c06b51d0,0x00000000c4300000)
 Metaspace       used 27524K, committed 28032K, reserved 1114112K
  class space    used 2682K, committed 2880K, reserved 1048576K
}
Event: 3.976 GC heap before
{Heap before GC invocations=8 (full 1):
 PSYoungGen      total 25600K, used 25592K [0x00000000eab00000, 0x00000000ec700000, 0x0000000100000000)
  eden space 24576K, 100% used [0x00000000eab00000,0x00000000ec300000,0x00000000ec300000)
  from space 1024K, 99% used [0x00000000ec600000,0x00000000ec6fe088,0x00000000ec700000)
  to   space 1536K, 0% used [0x00000000ec400000,0x00000000ec400000,0x00000000ec580000)
 ParOldGen       total 68608K, used 6868K [0x00000000c0000000, 0x00000000c4300000, 0x00000000eab00000)
  object space 68608K, 10% used [0x00000000c0000000,0x00000000c06b51d0,0x00000000c4300000)
 Metaspace       used 31920K, committed 32512K, reserved 1114112K
  class space    used 3185K, committed 3456K, reserved 1048576K
}
Event: 3.980 GC heap after
{Heap after GC invocations=8 (full 1):
 PSYoungGen      total 25600K, used 1524K [0x00000000eab00000, 0x00000000ec980000, 0x0000000100000000)
  eden space 24064K, 0% used [0x00000000eab00000,0x00000000eab00000,0x00000000ec280000)
  from space 1536K, 99% used [0x00000000ec400000,0x00000000ec57d118,0x00000000ec580000)
  to   space 3584K, 0% used [0x00000000ec600000,0x00000000ec600000,0x00000000ec980000)
 ParOldGen       total 68608K, used 8300K [0x00000000c0000000, 0x00000000c4300000, 0x00000000eab00000)
  object space 68608K, 12% used [0x00000000c0000000,0x00000000c081b260,0x00000000c4300000)
 Metaspace       used 31920K, committed 32512K, reserved 1114112K
  class space    used 3185K, committed 3456K, reserved 1048576K
}
Event: 4.347 GC heap before
{Heap before GC invocations=9 (full 1):
 PSYoungGen      total 25600K, used 20290K [0x00000000eab00000, 0x00000000ec980000, 0x0000000100000000)
  eden space 24064K, 77% used [0x00000000eab00000,0x00000000ebd537d0,0x00000000ec280000)
  from space 1536K, 99% used [0x00000000ec400000,0x00000000ec57d118,0x00000000ec580000)
  to   space 3584K, 0% used [0x00000000ec600000,0x00000000ec600000,0x00000000ec980000)
 ParOldGen       total 68608K, used 8300K [0x00000000c0000000, 0x00000000c4300000, 0x00000000eab00000)
  object space 68608K, 12% used [0x00000000c0000000,0x00000000c081b260,0x00000000c4300000)
 Metaspace       used 35198K, committed 35840K, reserved 1114112K
  class space    used 3588K, committed 3840K, reserved 1048576K
}
Event: 4.351 GC heap after
{Heap after GC invocations=9 (full 1):
 PSYoungGen      total 27136K, used 2919K [0x00000000eab00000, 0x00000000ec900000, 0x0000000100000000)
  eden space 24064K, 0% used [0x00000000eab00000,0x00000000eab00000,0x00000000ec280000)
  from space 3072K, 95% used [0x00000000ec600000,0x00000000ec8d9cf8,0x00000000ec900000)
  to   space 3072K, 0% used [0x00000000ec300000,0x00000000ec300000,0x00000000ec600000)
 ParOldGen       total 68608K, used 8308K [0x00000000c0000000, 0x00000000c4300000, 0x00000000eab00000)
  object space 68608K, 12% used [0x00000000c0000000,0x00000000c081d260,0x00000000c4300000)
 Metaspace       used 35198K, committed 35840K, reserved 1114112K
  class space    used 3588K, committed 3840K, reserved 1048576K
}
Event: 4.351 GC heap before
{Heap before GC invocations=10 (full 2):
 PSYoungGen      total 27136K, used 2919K [0x00000000eab00000, 0x00000000ec900000, 0x0000000100000000)
  eden space 24064K, 0% used [0x00000000eab00000,0x00000000eab00000,0x00000000ec280000)
  from space 3072K, 95% used [0x00000000ec600000,0x00000000ec8d9cf8,0x00000000ec900000)
  to   space 3072K, 0% used [0x00000000ec300000,0x00000000ec300000,0x00000000ec600000)
 ParOldGen       total 68608K, used 8308K [0x00000000c0000000, 0x00000000c4300000, 0x00000000eab00000)
  object space 68608K, 12% used [0x00000000c0000000,0x00000000c081d260,0x00000000c4300000)
 Metaspace       used 35198K, committed 35840K, reserved 1114112K
  class space    used 3588K, committed 3840K, reserved 1048576K
}
Event: 4.388 GC heap after
{Heap after GC invocations=10 (full 2):
 PSYoungGen      total 27136K, used 0K [0x00000000eab00000, 0x00000000ec900000, 0x0000000100000000)
  eden space 24064K, 0% used [0x00000000eab00000,0x00000000eab00000,0x00000000ec280000)
  from space 3072K, 0% used [0x00000000ec600000,0x00000000ec600000,0x00000000ec900000)
  to   space 3072K, 0% used [0x00000000ec300000,0x00000000ec300000,0x00000000ec600000)
 ParOldGen       total 68608K, used 10920K [0x00000000c0000000, 0x00000000c4300000, 0x00000000eab00000)
  object space 68608K, 15% used [0x00000000c0000000,0x00000000c0aaa348,0x00000000c4300000)
 Metaspace       used 35198K, committed 35840K, reserved 1114112K
  class space    used 3588K, committed 3840K, reserved 1048576K
}
Event: 9.608 GC heap before
{Heap before GC invocations=11 (full 2):
 PSYoungGen      total 27136K, used 24064K [0x00000000eab00000, 0x00000000ec900000, 0x0000000100000000)
  eden space 24064K, 100% used [0x00000000eab00000,0x00000000ec280000,0x00000000ec280000)
  from space 3072K, 0% used [0x00000000ec600000,0x00000000ec600000,0x00000000ec900000)
  to   space 3072K, 0% used [0x00000000ec300000,0x00000000ec300000,0x00000000ec600000)
 ParOldGen       total 68608K, used 10920K [0x00000000c0000000, 0x00000000c4300000, 0x00000000eab00000)
  object space 68608K, 15% used [0x00000000c0000000,0x00000000c0aaa348,0x00000000c4300000)
 Metaspace       used 36282K, committed 36928K, reserved 1114112K
  class space    used 3715K, committed 4032K, reserved 1048576K
}

Dll operation events (9 events):
Event: 0.032 Loaded shared library /home/victor/.vscode-server/extensions/redhat.java-1.25.1-linux-x64/jre/17.0.9-linux-x86_64/lib/libjava.so
Event: 0.236 Loaded shared library /home/victor/.vscode-server/extensions/redhat.java-1.25.1-linux-x64/jre/17.0.9-linux-x86_64/lib/libzip.so
Event: 0.239 Loaded shared library /home/victor/.vscode-server/extensions/redhat.java-1.25.1-linux-x64/jre/17.0.9-linux-x86_64/lib/libinstrument.so
Event: 0.250 Loaded shared library /home/victor/.vscode-server/extensions/redhat.java-1.25.1-linux-x64/jre/17.0.9-linux-x86_64/lib/libnio.so
Event: 0.261 Loaded shared library /home/victor/.vscode-server/extensions/redhat.java-1.25.1-linux-x64/jre/17.0.9-linux-x86_64/lib/libzip.so
Event: 0.276 Loaded shared library /home/victor/.vscode-server/extensions/redhat.java-1.25.1-linux-x64/jre/17.0.9-linux-x86_64/lib/libjimage.so
Event: 0.325 Loaded shared library /home/victor/.vscode-server/extensions/redhat.java-1.25.1-linux-x64/jre/17.0.9-linux-x86_64/lib/libverify.so
Event: 1.057 Loaded shared library /home/victor/.vscode-server/extensions/redhat.java-1.25.1-linux-x64/jre/17.0.9-linux-x86_64/lib/libnet.so
Event: 1.604 Loaded shared library /home/victor/.vscode-server/data/User/globalStorage/redhat.java/1.25.1/config_ss_linux/org.eclipse.equinox.launcher/org.eclipse.equinox.launcher.gtk.linux.x86_64_1.2.800.v20231003-1442/eclipse_11802.so

Deoptimization events (20 events):
Event: 4.609 Thread 0x00007f76682f55a0 Uncommon trap: trap_request=0xffffff45 fr.pc=0x00007f76e1f43120 relative=0x0000000000000260
Event: 4.609 Thread 0x00007f76682f55a0 Uncommon trap: reason=unstable_if action=reinterpret pc=0x00007f76e1f43120 method=java.util.HashMap.getNode(Ljava/lang/Object;)Ljava/util/HashMap$Node; @ 66 c2
Event: 4.609 Thread 0x00007f76682f55a0 DEOPT PACKING pc=0x00007f76e1f43120 sp=0x00007f76ce9f0750
Event: 4.609 Thread 0x00007f76682f55a0 DEOPT UNPACKING pc=0x00007f76e1968399 sp=0x00007f76ce9f06f0 mode 2
Event: 4.662 Thread 0x00007f76682f55a0 Uncommon trap: trap_request=0xffffff45 fr.pc=0x00007f76e2001044 relative=0x0000000000000284
Event: 4.662 Thread 0x00007f76682f55a0 Uncommon trap: reason=unstable_if action=reinterpret pc=0x00007f76e2001044 method=java.util.HashMap.getNode(Ljava/lang/Object;)Ljava/util/HashMap$Node; @ 131 c2
Event: 4.662 Thread 0x00007f76682f55a0 DEOPT PACKING pc=0x00007f76e2001044 sp=0x00007f76ce9f0790
Event: 4.662 Thread 0x00007f76682f55a0 DEOPT UNPACKING pc=0x00007f76e1968399 sp=0x00007f76ce9f06d0 mode 2
Event: 4.738 Thread 0x00007f76682f55a0 Uncommon trap: trap_request=0xffffff45 fr.pc=0x00007f76e200622c relative=0x0000000000000ecc
Event: 4.738 Thread 0x00007f76682f55a0 Uncommon trap: reason=unstable_if action=reinterpret pc=0x00007f76e200622c method=org.eclipse.jdt.internal.core.util.Util.splitOn(CLjava/lang/String;II)[Ljava/lang/String; @ 21 c2
Event: 4.738 Thread 0x00007f76682f55a0 DEOPT PACKING pc=0x00007f76e200622c sp=0x00007f76ce9f03e0
Event: 4.738 Thread 0x00007f76682f55a0 DEOPT UNPACKING pc=0x00007f76e1968399 sp=0x00007f76ce9f0398 mode 2
Event: 4.747 Thread 0x00007f76682f55a0 Uncommon trap: trap_request=0xffffff45 fr.pc=0x00007f76e2003fb4 relative=0x00000000000004f4
Event: 4.747 Thread 0x00007f76682f55a0 Uncommon trap: reason=unstable_if action=reinterpret pc=0x00007f76e2003fb4 method=java.util.HashMap.getNode(Ljava/lang/Object;)Ljava/util/HashMap$Node; @ 14 c2
Event: 4.747 Thread 0x00007f76682f55a0 DEOPT PACKING pc=0x00007f76e2003fb4 sp=0x00007f76ce9f0b50
Event: 4.747 Thread 0x00007f76682f55a0 DEOPT UNPACKING pc=0x00007f76e1968399 sp=0x00007f76ce9f0a90 mode 2
Event: 4.747 Thread 0x00007f76682f55a0 Uncommon trap: trap_request=0xffffff45 fr.pc=0x00007f76e1fffb30 relative=0x00000000000004f0
Event: 4.747 Thread 0x00007f76682f55a0 Uncommon trap: reason=unstable_if action=reinterpret pc=0x00007f76e1fffb30 method=java.util.HashMap.getNode(Ljava/lang/Object;)Ljava/util/HashMap$Node; @ 14 c2
Event: 4.747 Thread 0x00007f76682f55a0 DEOPT PACKING pc=0x00007f76e1fffb30 sp=0x00007f76ce9f0a70
Event: 4.747 Thread 0x00007f76682f55a0 DEOPT UNPACKING pc=0x00007f76e1968399 sp=0x00007f76ce9f0a20 mode 2

Classes unloaded (7 events):
Event: 2.481 Thread 0x00007f76ec068c80 Unloading class 0x0000000100242000 'java/lang/invoke/LambdaForm$MH+0x0000000100242000'
Event: 2.481 Thread 0x00007f76ec068c80 Unloading class 0x0000000100241c00 'java/lang/invoke/LambdaForm$MH+0x0000000100241c00'
Event: 2.481 Thread 0x00007f76ec068c80 Unloading class 0x0000000100241800 'java/lang/invoke/LambdaForm$MH+0x0000000100241800'
Event: 2.481 Thread 0x00007f76ec068c80 Unloading class 0x0000000100241400 'java/lang/invoke/LambdaForm$MH+0x0000000100241400'
Event: 2.481 Thread 0x00007f76ec068c80 Unloading class 0x0000000100241000 'java/lang/invoke/LambdaForm$BMH+0x0000000100241000'
Event: 2.481 Thread 0x00007f76ec068c80 Unloading class 0x0000000100240c00 'java/lang/invoke/LambdaForm$DMH+0x0000000100240c00'
Event: 2.481 Thread 0x00007f76ec068c80 Unloading class 0x000000010023a000 'java/lang/invoke/LambdaForm$DMH+0x000000010023a000'

Classes redefined (0 events):
No events

Internal exceptions (20 events):
Event: 2.992 Thread 0x00007f76ec635f60 Exception <a 'java/lang/ClassNotFoundException'{0x00000000ec33db68}: com/sun/org/apache/xerces/internal/impl/msg/spi/XMLSerializerMessagesProvider> (0x00000000ec33db68) 
thrown [src/hotspot/share/classfile/systemDictionary.cpp, line 256]
Event: 2.992 Thread 0x00007f76ec635f60 Exception <a 'java/lang/ClassNotFoundException'{0x00000000ec34a4d8}: com/sun/org/apache/xerces/internal/impl/msg/spi/XMLMessagesProvider> (0x00000000ec34a4d8) 
thrown [src/hotspot/share/classfile/systemDictionary.cpp, line 256]
Event: 3.006 Thread 0x00007f76ec635f60 Exception <a 'java/lang/NoSuchMethodError'{0x00000000eab78968}: 'void java.lang.invoke.DirectMethodHandle$Holder.invokeVirtual(java.lang.Object, java.lang.Object)'> (0x00000000eab78968) 
thrown [src/hotspot/share/interpreter/linkResolver.cpp, line 758]
Event: 3.560 Thread 0x00007f76ec635f60 Exception <a 'sun/nio/fs/UnixException'{0x00000000eaf26038}> (0x00000000eaf26038) 
thrown [src/hotspot/share/prims/jni.cpp, line 516]
Event: 3.632 Thread 0x00007f76ec635f60 Exception <a 'java/lang/ClassNotFoundException'{0x00000000eb5d7f78}: com/sun/org/apache/xml/internal/serializer/spi/XMLEntitiesProvider> (0x00000000eb5d7f78) 
thrown [src/hotspot/share/classfile/systemDictionary.cpp, line 256]
Event: 3.772 Thread 0x00007f76ec635f60 Exception <a 'java/io/FileNotFoundException'{0x00000000ebb8caf0}> (0x00000000ebb8caf0) 
thrown [src/hotspot/share/prims/jni.cpp, line 516]
Event: 3.787 Thread 0x00007f76ec635f60 Exception <a 'java/io/FileNotFoundException'{0x00000000ebc16450}> (0x00000000ebc16450) 
thrown [src/hotspot/share/prims/jni.cpp, line 516]
Event: 3.798 Thread 0x00007f76ec635f60 Exception <a 'java/io/FileNotFoundException'{0x00000000ebc908d8}> (0x00000000ebc908d8) 
thrown [src/hotspot/share/prims/jni.cpp, line 516]
Event: 3.892 Thread 0x00007f76ec027d90 Exception <a 'java/lang/NoSuchMethodError'{0x00000000ec049ab0}: 'void java.lang.invoke.DirectMethodHandle$Holder.invokeStatic(java.lang.Object, java.lang.Object, java.lang.Object, java.lang.Object)'> (0x00000000ec049ab0) 
thrown [src/hotspot/share/interpreter/linkResolver.cpp, line 758]
Event: 4.086 Thread 0x00007f76ec027d90 Exception <a 'java/lang/NoSuchMethodError'{0x00000000eb0f55d0}: 'void java.lang.invoke.DirectMethodHandle$Holder.invokeSpecial(java.lang.Object, java.lang.Object, java.lang.Object, java.lang.Object, java.lang.Object, java.lang.Object)'> (0x00000000eb0f55d0) 
thrown [src/hotspot/share/interpreter/linkResolver.cpp, line 758]
Event: 4.087 Thread 0x00007f76ec027d90 Exception <a 'java/lang/IncompatibleClassChangeError'{0x00000000eb0fefd8}: Found class java.lang.Object, but interface was expected> (0x00000000eb0fefd8) 
thrown [src/hotspot/share/interpreter/linkResolver.cpp, line 826]
Event: 4.231 Thread 0x00007f76ec6dc100 Exception <a 'java/io/FileNotFoundException'{0x00000000eb6cb440}> (0x00000000eb6cb440) 
thrown [src/hotspot/share/prims/jni.cpp, line 516]
Event: 4.271 Thread 0x00007f76ec6dc100 Exception <a 'sun/nio/fs/UnixException'{0x00000000eb877fc8}> (0x00000000eb877fc8) 
thrown [src/hotspot/share/prims/jni.cpp, line 516]
Event: 4.274 Thread 0x00007f76682ec250 Exception <a 'java/io/FileNotFoundException'{0x00000000eb890d00}> (0x00000000eb890d00) 
thrown [src/hotspot/share/prims/jni.cpp, line 516]
Event: 4.274 Thread 0x00007f76682ec250 Exception <a 'java/io/FileNotFoundException'{0x00000000eb891c50}> (0x00000000eb891c50) 
thrown [src/hotspot/share/prims/jni.cpp, line 516]
Event: 4.327 Thread 0x00007f76ec6dc100 Exception <a 'java/lang/NoSuchMethodError'{0x00000000ebc615a0}: 'int java.lang.invoke.DirectMethodHandle$Holder.invokeVirtual(java.lang.Object, java.lang.Object)'> (0x00000000ebc615a0) 
thrown [src/hotspot/share/interpreter/linkResolver.cpp, line 758]
Event: 4.339 Thread 0x00007f76682f55a0 Exception <a 'java/lang/NoSuchMethodError'{0x00000000ebcf9108}: 'java.lang.Object java.lang.invoke.Invokers$Holder.invoke_MT(java.lang.Object, java.lang.Object, java.lang.Object)'> (0x00000000ebcf9108) 
thrown [src/hotspot/share/interpreter/linkResolver.cpp, line 758]
Event: 4.711 Thread 0x00007f76682f55a0 Exception <a 'java/io/FileNotFoundException'{0x00000000ec0150a8}> (0x00000000ec0150a8) 
thrown [src/hotspot/share/prims/jni.cpp, line 516]
Event: 4.712 Thread 0x00007f76682f55a0 Exception <a 'java/io/FileNotFoundException'{0x00000000ec016760}> (0x00000000ec016760) 
thrown [src/hotspot/share/prims/jni.cpp, line 516]
Event: 4.713 Thread 0x00007f76682f55a0 Exception <a 'java/lang/NoSuchMethodError'{0x00000000ec022b00}: 'void java.lang.invoke.DirectMethodHandle$Holder.invokeStaticInit(java.lang.Object, java.lang.Object, java.lang.Object)'> (0x00000000ec022b00) 
thrown [src/hotspot/share/interpreter/linkResolver.cpp, line 758]

VM Operations (20 events):
Event: 4.222 Executing VM operation: HandshakeAllThreads done
Event: 4.298 Executing VM operation: HandshakeAllThreads
Event: 4.298 Executing VM operation: HandshakeAllThreads done
Event: 4.302 Executing VM operation: HandshakeAllThreads
Event: 4.302 Executing VM operation: HandshakeAllThreads done
Event: 4.347 Executing VM operation: CollectForMetadataAllocation
Event: 4.388 Executing VM operation: CollectForMetadataAllocation done
Event: 4.398 Executing VM operation: HandshakeAllThreads
Event: 4.398 Executing VM operation: HandshakeAllThreads done
Event: 4.399 Executing VM operation: HandshakeAllThreads
Event: 4.399 Executing VM operation: HandshakeAllThreads done
Event: 4.771 Executing VM operation: ICBufferFull
Event: 4.771 Executing VM operation: ICBufferFull done
Event: 5.771 Executing VM operation: Cleanup
Event: 5.771 Executing VM operation: Cleanup done
Event: 6.771 Executing VM operation: Cleanup
Event: 6.771 Executing VM operation: Cleanup done
Event: 7.771 Executing VM operation: Cleanup
Event: 7.771 Executing VM operation: Cleanup done
Event: 9.608 Executing VM operation: ParallelGCFailedAllocation

Events (20 events):
Event: 5.544 Thread 0x00007f76a830d190 Thread exited: 0x00007f76a830d190
Event: 7.550 Thread 0x00007f76680bd0f0 Thread exited: 0x00007f76680bd0f0
Event: 9.584 loading class java/util/concurrent/CompletableFuture$UniApply
Event: 9.584 loading class java/util/concurrent/CompletableFuture$UniCompletion
Event: 9.584 loading class java/util/concurrent/CompletableFuture$UniCompletion done
Event: 9.584 loading class java/util/concurrent/CompletableFuture$UniApply done
Event: 9.585 loading class java/util/concurrent/ForkJoinTask$Aux
Event: 9.586 loading class java/util/concurrent/ForkJoinTask$Aux done
Event: 9.588 loading class java/util/concurrent/CancellationException
Event: 9.588 loading class java/util/concurrent/CancellationException done
Event: 9.589 loading class java/lang/invoke/VarHandleReferences$Array
Event: 9.589 loading class java/lang/invoke/VarHandleReferences$Array done
Event: 9.590 loading class java/util/concurrent/ForkJoinPool$DefaultCommonPoolForkJoinWorkerThreadFactory$1
Event: 9.590 loading class java/util/concurrent/ForkJoinPool$DefaultCommonPoolForkJoinWorkerThreadFactory$1 done
Event: 9.600 Thread 0x00007f764805e2e0 Thread added: 0x00007f764805e2e0
Event: 9.600 loading class java/util/concurrent/CompletableFuture$UniAccept
Event: 9.601 Protecting memory [0x00007f76ce5f2000,0x00007f76ce5f6000] with protection modes 0
Event: 9.601 loading class java/util/concurrent/CompletableFuture$UniAccept done
Event: 9.602 loading class java/util/concurrent/CompletableFuture$UniExceptionally
Event: 9.603 loading class java/util/concurrent/CompletableFuture$UniExceptionally done


Dynamic libraries:
c0000000-c4300000 rw-p 00000000 00:00 0 
c4300000-eab00000 ---p 00000000 00:00 0 
eab00000-ec900000 rw-p 00000000 00:00 0 
ec900000-100000000 ---p 00000000 00:00 0 
100000000-100020000 rw-p 00000000 00:00 0 
100020000-100040000 rw-p 00000000 00:00 0 
100040000-1000c0000 rw-p 00000000 00:00 0 
1000c0000-1000e0000 rw-p 00000000 00:00 0 
1000e0000-100140000 rw-p 00000000 00:00 0 
100140000-100180000 rw-p 00000000 00:00 0 
100180000-1001c0000 rw-p 00000000 00:00 0 
1001c0000-100200000 rw-p 00000000 00:00 0 
100200000-100340000 rw-p 00000000 00:00 0 
100340000-1003f0000 rw-p 00000000 00:00 0 
1003f0000-140000000 ---p 00000000 00:00 0 
55c4648bb000-55c4648bc000 r--p 00000000 08:20 136028                     /home/victor/.vscode-server/extensions/redhat.java-1.25.1-linux-x64/jre/17.0.9-linux-x86_64/bin/java
55c4648bc000-55c4648bd000 r-xp 00001000 08:20 136028                     /home/victor/.vscode-server/extensions/redhat.java-1.25.1-linux-x64/jre/17.0.9-linux-x86_64/bin/java
55c4648bd000-55c4648be000 r--p 00002000 08:20 136028                     /home/victor/.vscode-server/extensions/redhat.java-1.25.1-linux-x64/jre/17.0.9-linux-x86_64/bin/java
55c4648be000-55c4648bf000 r--p 00002000 08:20 136028                     /home/victor/.vscode-server/extensions/redhat.java-1.25.1-linux-x64/jre/17.0.9-linux-x86_64/bin/java
55c4648bf000-55c4648c0000 rw-p 00003000 08:20 136028                     /home/victor/.vscode-server/extensions/redhat.java-1.25.1-linux-x64/jre/17.0.9-linux-x86_64/bin/java
55c4650bd000-55c465105000 rw-p 00000000 00:00 0                          [heap]
7f7640598000-7f7648000000 r--s 00000000 08:20 7738                       /usr/lib/jvm/java-17-openjdk-amd64/lib/modules
7f7648000000-7f764806d000 rw-p 00000000 00:00 0 
7f764806d000-7f764c000000 ---p 00000000 00:00 0 
7f7650000000-7f7650573000 rw-p 00000000 00:00 0 
7f7650573000-7f7654000000 ---p 00000000 00:00 0 
7f7654000000-7f7654021000 rw-p 00000000 00:00 0 
7f7654021000-7f7658000000 ---p 00000000 00:00 0 
7f7658000000-7f7658070000 rw-p 00000000 00:00 0 
7f7658070000-7f765c000000 ---p 00000000 00:00 0 
7f765c000000-7f765c1cb000 rw-p 00000000 00:00 0 
7f765c1cb000-7f7660000000 ---p 00000000 00:00 0 
7f7660000000-7f7660021000 rw-p 00000000 00:00 0 
7f7660021000-7f7664000000 ---p 00000000 00:00 0 
7f7664000000-7f7664021000 rw-p 00000000 00:00 0 
7f7664021000-7f7668000000 ---p 00000000 00:00 0 
7f7668000000-7f766870b000 rw-p 00000000 00:00 0 
7f766870b000-7f766c000000 ---p 00000000 00:00 0 
7f766c000000-7f766c021000 rw-p 00000000 00:00 0 
7f766c021000-7f7670000000 ---p 00000000 00:00 0 
7f7670000000-7f7670021000 rw-p 00000000 00:00 0 
7f7670021000-7f7674000000 ---p 00000000 00:00 0 
7f7674000000-7f7674021000 rw-p 00000000 00:00 0 
7f7674021000-7f7678000000 ---p 00000000 00:00 0 
7f7678000000-7f7678021000 rw-p 00000000 00:00 0 
7f7678021000-7f767c000000 ---p 00000000 00:00 0 
7f767c000000-7f767c163000 rw-p 00000000 00:00 0 
7f767c163000-7f7680000000 ---p 00000000 00:00 0 
7f7680000000-7f7680021000 rw-p 00000000 00:00 0 
7f7680021000-7f7684000000 ---p 00000000 00:00 0 
7f7684000000-7f7684021000 rw-p 00000000 00:00 0 
7f7684021000-7f7688000000 ---p 00000000 00:00 0 
7f7688000000-7f768815e000 rw-p 00000000 00:00 0 
7f768815e000-7f768c000000 ---p 00000000 00:00 0 
7f768c000000-7f768c021000 rw-p 00000000 00:00 0 
7f768c021000-7f7690000000 ---p 00000000 00:00 0 
7f7690000000-7f7690254000 rw-p 00000000 00:00 0 
7f7690254000-7f7694000000 ---p 00000000 00:00 0 
7f7694000000-7f7694021000 rw-p 00000000 00:00 0 
7f7694021000-7f7698000000 ---p 00000000 00:00 0 
7f7698000000-7f7698021000 rw-p 00000000 00:00 0 
7f7698021000-7f769c000000 ---p 00000000 00:00 0 
7f769c000000-7f769c021000 rw-p 00000000 00:00 0 
7f769c021000-7f76a0000000 ---p 00000000 00:00 0 
7f76a0000000-7f76a0021000 rw-p 00000000 00:00 0 
7f76a0021000-7f76a4000000 ---p 00000000 00:00 0 
7f76a4000000-7f76a448c000 rw-p 00000000 00:00 0 
7f76a448c000-7f76a8000000 ---p 00000000 00:00 0 
7f76a8000000-7f76a833f000 rw-p 00000000 00:00 0 
7f76a833f000-7f76ac000000 ---p 00000000 00:00 0 
7f76ac000000-7f76ac021000 rw-p 00000000 00:00 0 
7f76ac021000-7f76b0000000 ---p 00000000 00:00 0 
7f76b0000000-7f76b0021000 rw-p 00000000 00:00 0 
7f76b0021000-7f76b4000000 ---p 00000000 00:00 0 
7f76b4000000-7f76b50aa000 rw-p 00000000 00:00 0 
7f76b50aa000-7f76b8000000 ---p 00000000 00:00 0 
7f76b8000000-7f76b8021000 rw-p 00000000 00:00 0 
7f76b8021000-7f76bc000000 ---p 00000000 00:00 0 
7f76bc000000-7f76bc021000 rw-p 00000000 00:00 0 
7f76bc021000-7f76c0000000 ---p 00000000 00:00 0 
7f76c0000000-7f76c0021000 rw-p 00000000 00:00 0 
7f76c0021000-7f76c4000000 ---p 00000000 00:00 0 
7f76c4000000-7f76c4021000 rw-p 00000000 00:00 0 
7f76c4021000-7f76c8000000 ---p 00000000 00:00 0 
7f76c8000000-7f76c8021000 rw-p 00000000 00:00 0 
7f76c8021000-7f76cc000000 ---p 00000000 00:00 0 
7f76ccf6e000-7f76cd1ff000 rw-p 00000000 00:00 0 
7f76cd1ff000-7f76cd203000 ---p 00000000 00:00 0 
7f76cd203000-7f76cd2ff000 rw-p 00000000 00:00 0 
7f76cd2ff000-7f76cd303000 ---p 00000000 00:00 0 
7f76cd303000-7f76cd3ff000 rw-p 00000000 00:00 0 
7f76cd3ff000-7f76cd403000 ---p 00000000 00:00 0 
7f76cd403000-7f76cd4ff000 rw-p 00000000 00:00 0 
7f76cd4ff000-7f76cd503000 ---p 00000000 00:00 0 
7f76cd503000-7f76cd5ff000 rw-p 00000000 00:00 0 
7f76cd5ff000-7f76cd603000 ---p 00000000 00:00 0 
7f76cd603000-7f76cd6ff000 rw-p 00000000 00:00 0 
7f76cd6ff000-7f76cd703000 ---p 00000000 00:00 0 
7f76cd703000-7f76cd7ff000 rw-p 00000000 00:00 0 
7f76cd7ff000-7f76cd800000 ---p 00000000 00:00 0 
7f76cd800000-7f76cd900000 rw-p 00000000 00:00 0 
7f76cd900000-7f76cd904000 ---p 00000000 00:00 0 
7f76cd904000-7f76cda00000 rw-p 00000000 00:00 0 
7f76cda00000-7f76cda10000 r-xp 00000000 08:20 22444                      /home/victor/.vscode-server/data/User/globalStorage/redhat.java/1.25.1/config_ss_linux/org.eclipse.equinox.launcher/org.eclipse.equinox.launcher.gtk.linux.x86_64_1.2.800.v20231003-1442/eclipse_11802.so
7f76cda10000-7f76cdc0f000 ---p 00010000 08:20 22444                      /home/victor/.vscode-server/data/User/globalStorage/redhat.java/1.25.1/config_ss_linux/org.eclipse.equinox.launcher/org.eclipse.equinox.launcher.gtk.linux.x86_64_1.2.800.v20231003-1442/eclipse_11802.so
7f76cdc0f000-7f76cdc10000 r--p 0000f000 08:20 22444                      /home/victor/.vscode-server/data/User/globalStorage/redhat.java/1.25.1/config_ss_linux/org.eclipse.equinox.launcher/org.eclipse.equinox.launcher.gtk.linux.x86_64_1.2.800.v20231003-1442/eclipse_11802.so
7f76cdc10000-7f76cdc11000 rw-p 00010000 08:20 22444                      /home/victor/.vscode-server/data/User/globalStorage/redhat.java/1.25.1/config_ss_linux/org.eclipse.equinox.launcher/org.eclipse.equinox.launcher.gtk.linux.x86_64_1.2.800.v20231003-1442/eclipse_11802.so
7f76cdc11000-7f76cdc12000 rw-p 00000000 00:00 0 
7f76cdcec000-7f76cdcf0000 ---p 00000000 00:00 0 
7f76cdcf0000-7f76cddec000 rw-p 00000000 00:00 0 
7f76cddec000-7f76cddf0000 ---p 00000000 00:00 0 
7f76cddf0000-7f76cdeec000 rw-p 00000000 00:00 0 
7f76cdeec000-7f76cdef0000 ---p 00000000 00:00 0 
7f76cdef0000-7f76cdfec000 rw-p 00000000 00:00 0 
7f76cdfec000-7f76cdfed000 ---p 00000000 00:00 0 
7f76cdfed000-7f76ce0ed000 rw-p 00000000 00:00 0 
7f76ce0ed000-7f76ce0ee000 ---p 00000000 00:00 0 
7f76ce0ee000-7f76ce1ee000 rw-p 00000000 00:00 0 
7f76ce1ee000-7f76ce1ef000 ---p 00000000 00:00 0 
7f76ce1ef000-7f76ce2ef000 rw-p 00000000 00:00 0 
7f76ce2ef000-7f76ce2f0000 ---p 00000000 00:00 0 
7f76ce2f0000-7f76ce3f0000 rw-p 00000000 00:00 0 
7f76ce3f0000-7f76ce3f1000 ---p 00000000 00:00 0 
7f76ce3f1000-7f76ce4f1000 rw-p 00000000 00:00 0 
7f76ce4f1000-7f76ce4f2000 ---p 00000000 00:00 0 
7f76ce4f2000-7f76ce5f2000 rw-p 00000000 00:00 0 
7f76ce5f2000-7f76ce5f6000 ---p 00000000 00:00 0 
7f76ce5f6000-7f76ce6f2000 rw-p 00000000 00:00 0 
7f76ce6f2000-7f76ce6f3000 ---p 00000000 00:00 0 
7f76ce6f3000-7f76ce7f3000 rw-p 00000000 00:00 0 
7f76ce7f3000-7f76ce7f7000 ---p 00000000 00:00 0 
7f76ce7f7000-7f76ce8f3000 rw-p 00000000 00:00 0 
7f76ce8f3000-7f76ce8f7000 ---p 00000000 00:00 0 
7f76ce8f7000-7f76ce9f3000 rw-p 00000000 00:00 0 
7f76ce9f3000-7f76ce9f7000 ---p 00000000 00:00 0 
7f76ce9f7000-7f76ceaf3000 rw-p 00000000 00:00 0 
7f76ceaf3000-7f76ceaf7000 ---p 00000000 00:00 0 
7f76ceaf7000-7f76cebf3000 rw-p 00000000 00:00 0 
7f76cebf3000-7f76cebf7000 ---p 00000000 00:00 0 
7f76cebf7000-7f76cecf3000 rw-p 00000000 00:00 0 
7f76cecf3000-7f76cecf7000 ---p 00000000 00:00 0 
7f76cecf7000-7f76cedf3000 rw-p 00000000 00:00 0 
7f76cedf3000-7f76cedf7000 ---p 00000000 00:00 0 
7f76cedf7000-7f76ceef3000 rw-p 00000000 00:00 0 
7f76ceef3000-7f76ceef7000 ---p 00000000 00:00 0 
7f76ceef7000-7f76ceff3000 rw-p 00000000 00:00 0 
7f76ceff3000-7f76ceff7000 ---p 00000000 00:00 0 
7f76ceff7000-7f76cf0f3000 rw-p 00000000 00:00 0 
7f76cf0f3000-7f76cf0f7000 ---p 00000000 00:00 0 
7f76cf0f7000-7f76cf1f3000 rw-p 00000000 00:00 0 
7f76cf1f3000-7f76cf1f7000 ---p 00000000 00:00 0 
7f76cf1f7000-7f76cf2f3000 rw-p 00000000 00:00 0 
7f76cf2f3000-7f76cf2f4000 ---p 00000000 00:00 0 
7f76cf2f4000-7f76d0400000 rw-p 00000000 00:00 0 
7f76d0400000-7f76d0460000 rw-p 00000000 00:00 0 
7f76d0460000-7f76d0480000 rw-p 00000000 00:00 0 
7f76d0480000-7f76d0500000 rw-p 00000000 00:00 0 
7f76d0500000-7f76d0800000 rw-p 00000000 00:00 0 
7f76d0800000-7f76d0900000 rw-p 00000000 00:00 0 
7f76d0900000-7f76d0b80000 rw-p 00000000 00:00 0 
7f76d0b80000-7f76d0c00000 rw-p 00000000 00:00 0 
7f76d0c00000-7f76d0d80000 rw-p 00000000 00:00 0 
7f76d0d80000-7f76d0f80000 rw-p 00000000 00:00 0 
7f76d0f80000-7f76d1000000 rw-p 00000000 00:00 0 
7f76d1000000-7f76d1180000 rw-p 00000000 00:00 0 
7f76d1180000-7f76d1200000 rw-p 00000000 00:00 0 
7f76d1200000-7f76d1900000 rw-p 00000000 00:00 0 
7f76d1900000-7f76d1a00000 rw-p 00000000 00:00 0 
7f76d1a00000-7f76d1b00000 rw-p 00000000 00:00 0 
7f76d1b00000-7f76d1c00000 rw-p 00000000 00:00 0 
7f76d1c00000-7f76d1d80000 rw-p 00000000 00:00 0 
7f76d1d80000-7f76d1e00000 rw-p 00000000 00:00 0 
7f76d1e00000-7f76d1f80000 rw-p 00000000 00:00 0 
7f76d1f80000-7f76d1fb0000 rw-p 00000000 00:00 0 
7f76d1fb0000-7f76d2000000 ---p 00000000 00:00 0 
7f76d2000000-7f76d2070000 rw-p 00000000 00:00 0 
7f76d2070000-7f76d4000000 ---p 00000000 00:00 0 
7f76d4000000-7f76d4021000 rw-p 00000000 00:00 0 
7f76d4021000-7f76d8000000 ---p 00000000 00:00 0 
7f76d80d8000-7f76da3db000 rw-p 00000000 00:00 0 
7f76da3db000-7f76daa7b000 rwxp 00000000 00:00 0 
7f76daa7b000-7f76e1912000 ---p 00000000 00:00 0 
7f76e1912000-7f76e1b82000 rwxp 00000000 00:00 0 
7f76e1b82000-7f76e1ea4000 ---p 00000000 00:00 0 
7f76e1ea4000-7f76e2114000 rwxp 00000000 00:00 0 
7f76e2114000-7f76e93db000 ---p 00000000 00:00 0 
7f76e93db000-7f76ec000000 r--s 00000000 08:20 136512                     /home/victor/.vscode-server/extensions/redhat.java-1.25.1-linux-x64/jre/17.0.9-linux-x86_64/lib/modules
7f76ec000000-7f76ec6f3000 rw-p 00000000 00:00 0 
7f76ec6f3000-7f76f0000000 ---p 00000000 00:00 0 
7f76f0012000-7f76f0016000 ---p 00000000 00:00 0 
7f76f0016000-7f76f0034000 rw-p 00000000 00:00 0 
7f76f0034000-7f76f0038000 r--p 00000000 08:20 136510                     /home/victor/.vscode-server/extensions/redhat.java-1.25.1-linux-x64/jre/17.0.9-linux-x86_64/lib/libverify.so
7f76f0038000-7f76f003f000 r-xp 00004000 08:20 136510                     /home/victor/.vscode-server/extensions/redhat.java-1.25.1-linux-x64/jre/17.0.9-linux-x86_64/lib/libverify.so
7f76f003f000-7f76f0041000 r--p 0000b000 08:20 136510                     /home/victor/.vscode-server/extensions/redhat.java-1.25.1-linux-x64/jre/17.0.9-linux-x86_64/lib/libverify.so
7f76f0041000-7f76f0043000 r--p 0000c000 08:20 136510                     /home/victor/.vscode-server/extensions/redhat.java-1.25.1-linux-x64/jre/17.0.9-linux-x86_64/lib/libverify.so
7f76f0043000-7f76f0044000 rw-p 0000e000 08:20 136510                     /home/victor/.vscode-server/extensions/redhat.java-1.25.1-linux-x64/jre/17.0.9-linux-x86_64/lib/libverify.so
7f76f0044000-7f76f0048000 r--p 00000000 08:20 136503                     /home/victor/.vscode-server/extensions/redhat.java-1.25.1-linux-x64/jre/17.0.9-linux-x86_64/lib/libnet.so
7f76f0048000-7f76f0056000 r-xp 00004000 08:20 136503                     /home/victor/.vscode-server/extensions/redhat.java-1.25.1-linux-x64/jre/17.0.9-linux-x86_64/lib/libnet.so
7f76f0056000-7f76f005a000 r--p 00012000 08:20 136503                     /home/victor/.vscode-server/extensions/redhat.java-1.25.1-linux-x64/jre/17.0.9-linux-x86_64/lib/libnet.so
7f76f005a000-7f76f005b000 r--p 00015000 08:20 136503                     /home/victor/.vscode-server/extensions/redhat.java-1.25.1-linux-x64/jre/17.0.9-linux-x86_64/lib/libnet.so
7f76f005b000-7f76f005c000 rw-p 00016000 08:20 136503                     /home/victor/.vscode-server/extensions/redhat.java-1.25.1-linux-x64/jre/17.0.9-linux-x86_64/lib/libnet.so
7f76f005c000-7f76f0063000 r--p 00000000 08:20 136504                     /home/victor/.vscode-server/extensions/redhat.java-1.25.1-linux-x64/jre/17.0.9-linux-x86_64/lib/libnio.so
7f76f0063000-7f76f006c000 r-xp 00007000 08:20 136504                     /home/victor/.vscode-server/extensions/redhat.java-1.25.1-linux-x64/jre/17.0.9-linux-x86_64/lib/libnio.so
7f76f006c000-7f76f0070000 r--p 00010000 08:20 136504                     /home/victor/.vscode-server/extensions/redhat.java-1.25.1-linux-x64/jre/17.0.9-linux-x86_64/lib/libnio.so
7f76f0070000-7f76f0071000 ---p 00014000 08:20 136504                     /home/victor/.vscode-server/extensions/redhat.java-1.25.1-linux-x64/jre/17.0.9-linux-x86_64/lib/libnio.so
7f76f0071000-7f76f0072000 r--p 00014000 08:20 136504                     /home/victor/.vscode-server/extensions/redhat.java-1.25.1-linux-x64/jre/17.0.9-linux-x86_64/lib/libnio.so
7f76f0072000-7f76f0073000 rw-p 00015000 08:20 136504                     /home/victor/.vscode-server/extensions/redhat.java-1.25.1-linux-x64/jre/17.0.9-linux-x86_64/lib/libnio.so
7f76f0073000-7f76f00ca000 r--p 00000000 08:20 53659                      /usr/lib/locale/C.utf8/LC_CTYPE
7f76f00ca000-7f76f00cb000 r--p 00000000 08:20 53683                      /usr/lib/locale/C.utf8/LC_NUMERIC
7f76f00cb000-7f76f00cc000 r--p 00000000 08:20 53698                      /usr/lib/locale/C.utf8/LC_TIME
7f76f00cc000-7f76f00cd000 r--p 00000000 08:20 53655                      /usr/lib/locale/C.utf8/LC_COLLATE
7f76f00cd000-7f76f00ce000 r--p 00000000 08:20 53676                      /usr/lib/locale/C.utf8/LC_MONETARY
7f76f00ce000-7f76f00cf000 r--p 00000000 08:20 53672                      /usr/lib/locale/C.utf8/LC_MESSAGES/SYS_LC_MESSAGES
7f76f00cf000-7f76f00d6000 r--s 00000000 08:20 53547                      /usr/lib/x86_64-linux-gnu/gconv/gconv-modules.cache
7f76f00d6000-7f76f0ce2000 rw-p 00000000 00:00 0 
7f76f0ce2000-7f76f0ce4000 r--p 00000000 08:20 136511                     /home/victor/.vscode-server/extensions/redhat.java-1.25.1-linux-x64/jre/17.0.9-linux-x86_64/lib/libzip.so
7f76f0ce4000-7f76f0cf6000 r-xp 00002000 08:20 136511                     /home/victor/.vscode-server/extensions/redhat.java-1.25.1-linux-x64/jre/17.0.9-linux-x86_64/lib/libzip.so
7f76f0cf6000-7f76f0cfe000 r--p 00014000 08:20 136511                     /home/victor/.vscode-server/extensions/redhat.java-1.25.1-linux-x64/jre/17.0.9-linux-x86_64/lib/libzip.so
7f76f0cfe000-7f76f0cff000 r--p 0001b000 08:20 136511                     /home/victor/.vscode-server/extensions/redhat.java-1.25.1-linux-x64/jre/17.0.9-linux-x86_64/lib/libzip.so
7f76f0cff000-7f76f0d00000 rw-p 0001c000 08:20 136511                     /home/victor/.vscode-server/extensions/redhat.java-1.25.1-linux-x64/jre/17.0.9-linux-x86_64/lib/libzip.so
7f76f0d00000-7f76f1053000 rw-p 00000000 00:00 0 
7f76f1053000-7f76f1187000 ---p 00000000 00:00 0 
7f76f1187000-7f76f1188000 ---p 00000000 00:00 0 
7f76f1188000-7f76f12aa000 rw-p 00000000 00:00 0 
7f76f12aa000-7f76f13dd000 ---p 00000000 00:00 0 
7f76f13dd000-7f76f13ed000 rw-p 00000000 00:00 0 
7f76f13ed000-7f76f1488000 ---p 00000000 00:00 0 
7f76f1488000-7f76f148e000 rw-p 00000000 00:00 0 
7f76f148e000-7f76f1574000 ---p 00000000 00:00 0 
7f76f1574000-7f76f1582000 rw-p 00000000 00:00 0 
7f76f1582000-7f76f165f000 ---p 00000000 00:00 0 
7f76f165f000-7f76f1664000 rw-p 00000000 00:00 0 
7f76f1664000-7f76f166b000 ---p 00000000 00:00 0 
7f76f166b000-7f76f1673000 rw-s 00000000 08:20 21652                      /tmp/hsperfdata_victor/1510
7f76f1673000-7f76f1681000 r--p 00000000 08:20 136490                     /home/victor/.vscode-server/extensions/redhat.java-1.25.1-linux-x64/jre/17.0.9-linux-x86_64/lib/libjava.so
7f76f1681000-7f76f1693000 r-xp 0000e000 08:20 136490                     /home/victor/.vscode-server/extensions/redhat.java-1.25.1-linux-x64/jre/17.0.9-linux-x86_64/lib/libjava.so
7f76f1693000-7f76f1699000 r--p 00020000 08:20 136490                     /home/victor/.vscode-server/extensions/redhat.java-1.25.1-linux-x64/jre/17.0.9-linux-x86_64/lib/libjava.so
7f76f1699000-7f76f169a000 ---p 00026000 08:20 136490                     /home/victor/.vscode-server/extensions/redhat.java-1.25.1-linux-x64/jre/17.0.9-linux-x86_64/lib/libjava.so
7f76f169a000-7f76f169b000 r--p 00026000 08:20 136490                     /home/victor/.vscode-server/extensions/redhat.java-1.25.1-linux-x64/jre/17.0.9-linux-x86_64/lib/libjava.so
7f76f169b000-7f76f169c000 rw-p 00027000 08:20 136490                     /home/victor/.vscode-server/extensions/redhat.java-1.25.1-linux-x64/jre/17.0.9-linux-x86_64/lib/libjava.so
7f76f169c000-7f76f169d000 rw-p 00000000 00:00 0 
7f76f169d000-7f76f169f000 r--p 00000000 08:20 136485                     /home/victor/.vscode-server/extensions/redhat.java-1.25.1-linux-x64/jre/17.0.9-linux-x86_64/lib/libinstrument.so
7f76f169f000-7f76f16a5000 r-xp 00002000 08:20 136485                     /home/victor/.vscode-server/extensions/redhat.java-1.25.1-linux-x64/jre/17.0.9-linux-x86_64/lib/libinstrument.so
7f76f16a5000-7f76f16a8000 r--p 00008000 08:20 136485                     /home/victor/.vscode-server/extensions/redhat.java-1.25.1-linux-x64/jre/17.0.9-linux-x86_64/lib/libinstrument.so
7f76f16a8000-7f76f16a9000 r--p 0000a000 08:20 136485                     /home/victor/.vscode-server/extensions/redhat.java-1.25.1-linux-x64/jre/17.0.9-linux-x86_64/lib/libinstrument.so
7f76f16a9000-7f76f16aa000 rw-p 0000b000 08:20 136485                     /home/victor/.vscode-server/extensions/redhat.java-1.25.1-linux-x64/jre/17.0.9-linux-x86_64/lib/libinstrument.so
7f76f16aa000-7f76f16ae000 r--p 00000000 08:20 136494                     /home/victor/.vscode-server/extensions/redhat.java-1.25.1-linux-x64/jre/17.0.9-linux-x86_64/lib/libjimage.so
7f76f16ae000-7f76f16c1000 r-xp 00004000 08:20 136494                     /home/victor/.vscode-server/extensions/redhat.java-1.25.1-linux-x64/jre/17.0.9-linux-x86_64/lib/libjimage.so
7f76f16c1000-7f76f16c7000 r--p 00017000 08:20 136494                     /home/victor/.vscode-server/extensions/redhat.java-1.25.1-linux-x64/jre/17.0.9-linux-x86_64/lib/libjimage.so
7f76f16c7000-7f76f16c9000 r--p 0001c000 08:20 136494                     /home/victor/.vscode-server/extensions/redhat.java-1.25.1-linux-x64/jre/17.0.9-linux-x86_64/lib/libjimage.so
7f76f16c9000-7f76f16ca000 rw-p 0001e000 08:20 136494                     /home/victor/.vscode-server/extensions/redhat.java-1.25.1-linux-x64/jre/17.0.9-linux-x86_64/lib/libjimage.so
7f76f16ca000-7f76f16ce000 ---p 00000000 00:00 0 
7f76f16ce000-7f76f17ca000 rw-p 00000000 00:00 0 
7f76f17ca000-7f76f17d8000 r--p 00000000 08:20 29580                      /usr/lib/x86_64-linux-gnu/libm.so.6
7f76f17d8000-7f76f1854000 r-xp 0000e000 08:20 29580                      /usr/lib/x86_64-linux-gnu/libm.so.6
7f76f1854000-7f76f18af000 r--p 0008a000 08:20 29580                      /usr/lib/x86_64-linux-gnu/libm.so.6
7f76f18af000-7f76f18b0000 r--p 000e4000 08:20 29580                      /usr/lib/x86_64-linux-gnu/libm.so.6
7f76f18b0000-7f76f18b1000 rw-p 000e5000 08:20 29580                      /usr/lib/x86_64-linux-gnu/libm.so.6
7f76f18b1000-7f76f18b2000 r--p 00000000 08:20 29634                      /usr/lib/x86_64-linux-gnu/librt.so.1
7f76f18b2000-7f76f18b3000 r-xp 00001000 08:20 29634                      /usr/lib/x86_64-linux-gnu/librt.so.1
7f76f18b3000-7f76f18b4000 r--p 00002000 08:20 29634                      /usr/lib/x86_64-linux-gnu/librt.so.1
7f76f18b4000-7f76f18b5000 r--p 00002000 08:20 29634                      /usr/lib/x86_64-linux-gnu/librt.so.1
7f76f18b5000-7f76f18b6000 rw-p 00003000 08:20 29634                      /usr/lib/x86_64-linux-gnu/librt.so.1
7f76f18b6000-7f76f1b09000 r--p 00000000 08:20 136522                     /home/victor/.vscode-server/extensions/redhat.java-1.25.1-linux-x64/jre/17.0.9-linux-x86_64/lib/server/libjvm.so
7f76f1b09000-7f76f2827000 r-xp 00253000 08:20 136522                     /home/victor/.vscode-server/extensions/redhat.java-1.25.1-linux-x64/jre/17.0.9-linux-x86_64/lib/server/libjvm.so
7f76f2827000-7f76f2ab3000 r--p 00f71000 08:20 136522                     /home/victor/.vscode-server/extensions/redhat.java-1.25.1-linux-x64/jre/17.0.9-linux-x86_64/lib/server/libjvm.so
7f76f2ab3000-7f76f2b6c000 r--p 011fc000 08:20 136522                     /home/victor/.vscode-server/extensions/redhat.java-1.25.1-linux-x64/jre/17.0.9-linux-x86_64/lib/server/libjvm.so
7f76f2b6c000-7f76f2ba1000 rw-p 012b5000 08:20 136522                     /home/victor/.vscode-server/extensions/redhat.java-1.25.1-linux-x64/jre/17.0.9-linux-x86_64/lib/server/libjvm.so
7f76f2ba1000-7f76f2bfd000 rw-p 00000000 00:00 0 
7f76f2bfd000-7f76f2c25000 r--p 00000000 08:20 29575                      /usr/lib/x86_64-linux-gnu/libc.so.6
7f76f2c25000-7f76f2dba000 r-xp 00028000 08:20 29575                      /usr/lib/x86_64-linux-gnu/libc.so.6
7f76f2dba000-7f76f2e12000 r--p 001bd000 08:20 29575                      /usr/lib/x86_64-linux-gnu/libc.so.6
7f76f2e12000-7f76f2e16000 r--p 00214000 08:20 29575                      /usr/lib/x86_64-linux-gnu/libc.so.6
7f76f2e16000-7f76f2e18000 rw-p 00218000 08:20 29575                      /usr/lib/x86_64-linux-gnu/libc.so.6
7f76f2e18000-7f76f2e25000 rw-p 00000000 00:00 0 
7f76f2e25000-7f76f2e26000 r--p 00000000 08:20 29579                      /usr/lib/x86_64-linux-gnu/libdl.so.2
7f76f2e26000-7f76f2e27000 r-xp 00001000 08:20 29579                      /usr/lib/x86_64-linux-gnu/libdl.so.2
7f76f2e27000-7f76f2e28000 r--p 00002000 08:20 29579                      /usr/lib/x86_64-linux-gnu/libdl.so.2
7f76f2e28000-7f76f2e29000 r--p 00002000 08:20 29579                      /usr/lib/x86_64-linux-gnu/libdl.so.2
7f76f2e29000-7f76f2e2a000 rw-p 00003000 08:20 29579                      /usr/lib/x86_64-linux-gnu/libdl.so.2
7f76f2e2a000-7f76f2e2b000 r--p 00000000 08:20 29593                      /usr/lib/x86_64-linux-gnu/libpthread.so.0
7f76f2e2b000-7f76f2e2c000 r-xp 00001000 08:20 29593                      /usr/lib/x86_64-linux-gnu/libpthread.so.0
7f76f2e2c000-7f76f2e2d000 r--p 00002000 08:20 29593                      /usr/lib/x86_64-linux-gnu/libpthread.so.0
7f76f2e2d000-7f76f2e2e000 r--p 00002000 08:20 29593                      /usr/lib/x86_64-linux-gnu/libpthread.so.0
7f76f2e2e000-7f76f2e2f000 rw-p 00003000 08:20 29593                      /usr/lib/x86_64-linux-gnu/libpthread.so.0
7f76f2e2f000-7f76f2e30000 r--p 00000000 08:20 53688                      /usr/lib/locale/C.utf8/LC_PAPER
7f76f2e30000-7f76f2e31000 r--p 00000000 08:20 53681                      /usr/lib/locale/C.utf8/LC_NAME
7f76f2e31000-7f76f2e32000 r--p 00000000 08:20 53652                      /usr/lib/locale/C.utf8/LC_ADDRESS
7f76f2e32000-7f76f2e33000 r--p 00000000 08:20 53694                      /usr/lib/locale/C.utf8/LC_TELEPHONE
7f76f2e33000-7f76f2e34000 r--p 00000000 08:20 53666                      /usr/lib/locale/C.utf8/LC_MEASUREMENT
7f76f2e34000-7f76f2e35000 r--p 00000000 08:20 53663                      /usr/lib/locale/C.utf8/LC_IDENTIFICATION
7f76f2e35000-7f76f2e36000 ---p 00000000 00:00 0 
7f76f2e36000-7f76f2e37000 r--p 00000000 00:00 0 
7f76f2e37000-7f76f2e3a000 r--p 00000000 08:20 136495                     /home/victor/.vscode-server/extensions/redhat.java-1.25.1-linux-x64/jre/17.0.9-linux-x86_64/lib/libjli.so
7f76f2e3a000-7f76f2e4a000 r-xp 00003000 08:20 136495                     /home/victor/.vscode-server/extensions/redhat.java-1.25.1-linux-x64/jre/17.0.9-linux-x86_64/lib/libjli.so
7f76f2e4a000-7f76f2e51000 r--p 00013000 08:20 136495                     /home/victor/.vscode-server/extensions/redhat.java-1.25.1-linux-x64/jre/17.0.9-linux-x86_64/lib/libjli.so
7f76f2e51000-7f76f2e52000 r--p 00019000 08:20 136495                     /home/victor/.vscode-server/extensions/redhat.java-1.25.1-linux-x64/jre/17.0.9-linux-x86_64/lib/libjli.so
7f76f2e52000-7f76f2e53000 rw-p 0001a000 08:20 136495                     /home/victor/.vscode-server/extensions/redhat.java-1.25.1-linux-x64/jre/17.0.9-linux-x86_64/lib/libjli.so
7f76f2e53000-7f76f2e55000 rw-p 00000000 00:00 0 
7f76f2e55000-7f76f2e57000 r--p 00000000 08:20 29416                      /usr/lib/x86_64-linux-gnu/ld-linux-x86-64.so.2
7f76f2e57000-7f76f2e81000 r-xp 00002000 08:20 29416                      /usr/lib/x86_64-linux-gnu/ld-linux-x86-64.so.2
7f76f2e81000-7f76f2e8c000 r--p 0002c000 08:20 29416                      /usr/lib/x86_64-linux-gnu/ld-linux-x86-64.so.2
7f76f2e8c000-7f76f2e8d000 ---p 00000000 00:00 0 
7f76f2e8d000-7f76f2e8f000 r--p 00037000 08:20 29416                      /usr/lib/x86_64-linux-gnu/ld-linux-x86-64.so.2
7f76f2e8f000-7f76f2e91000 rw-p 00039000 08:20 29416                      /usr/lib/x86_64-linux-gnu/ld-linux-x86-64.so.2
7ffccb2b8000-7ffccb2da000 rw-p 00000000 00:00 0                          [stack]
7ffccb3bd000-7ffccb3c1000 r--p 00000000 00:00 0                          [vvar]
7ffccb3c1000-7ffccb3c3000 r-xp 00000000 00:00 0                          [vdso]


VM Arguments:
jvm_args: --add-modules=ALL-SYSTEM --add-opens=java.base/java.util=ALL-UNNAMED --add-opens=java.base/java.lang=ALL-UNNAMED --add-opens=java.base/sun.nio.fs=ALL-UNNAMED -Declipse.application=org.eclipse.jdt.ls.core.id1 -Dosgi.bundles.defaultStartLevel=4 -Declipse.product=org.eclipse.jdt.ls.core.product -Djava.import.generatesMetadataFilesAtProjectRoot=false -DDetectVMInstallationsJob.disabled=true -Dfile.encoding=utf8 -XX:+UseParallelGC -XX:GCTimeRatio=4 -XX:AdaptiveSizePolicyWeight=90 -Dsun.zip.disableMemoryMapping=true -Xmx1G -Xms100m -Xlog:disable -javaagent:/home/victor/.vscode-server/extensions/redhat.java-1.25.1-linux-x64/lombok/lombok-1.18.30.jar 
java_command: /home/victor/.vscode-server/extensions/redhat.java-1.25.1-linux-x64/server/plugins/org.eclipse.equinox.launcher_1.6.600.v20231106-1826.jar -configuration /home/victor/.vscode-server/data/User/globalStorage/redhat.java/1.25.1/config_ss_linux -data /home/victor/.vscode-server/data/User/workspaceStorage/d64d7e0f1ff71de2348301c184e6da99/redhat.java/ss_ws --stdio
java_class_path (initial): /home/victor/.vscode-server/extensions/redhat.java-1.25.1-linux-x64/server/plugins/org.eclipse.equinox.launcher_1.6.600.v20231106-1826.jar
Launcher Type: SUN_STANDARD

[Global flags]
    uintx AdaptiveSizePolicyWeight                 = 90                                        {product} {command line}
     intx CICompilerCount                          = 4                                         {product} {ergonomic}
    uintx GCTimeRatio                              = 4                                         {product} {command line}
   size_t InitialHeapSize                          = 104857600                                 {product} {command line}
   size_t MaxHeapSize                              = 1073741824                                {product} {command line}
   size_t MaxNewSize                               = 357564416                                 {product} {ergonomic}
   size_t MinHeapDeltaBytes                        = 524288                                    {product} {ergonomic}
   size_t MinHeapSize                              = 104857600                                 {product} {command line}
   size_t NewSize                                  = 34603008                                  {product} {ergonomic}
    uintx NonNMethodCodeHeapSize                   = 5839372                                {pd product} {ergonomic}
    uintx NonProfiledCodeHeapSize                  = 122909434                              {pd product} {ergonomic}
   size_t OldSize                                  = 70254592                                  {product} {ergonomic}
    uintx ProfiledCodeHeapSize                     = 122909434                              {pd product} {ergonomic}
    uintx ReservedCodeCacheSize                    = 251658240                              {pd product} {ergonomic}
     bool SegmentedCodeCache                       = true                                      {product} {ergonomic}
   size_t SoftMaxHeapSize                          = 1073741824                             {manageable} {ergonomic}
     bool UseCompressedClassPointers               = true                           {product lp64_product} {ergonomic}
     bool UseCompressedOops                        = true                           {product lp64_product} {ergonomic}
     bool UseParallelGC                            = true                                      {product} {command line}

Logging:
Log output configuration:
 #0: stdout all=off uptime,level,tags
 #1: stderr all=off uptime,level,tags

Environment Variables:
PATH=/home/victor/.vscode-server/bin/af28b32d7e553898b2a91af498b1fb666fdebe0c/bin/remote-cli:/home/victor/.nvm/versions/node/v18.18.0/bin:/home/victor/.local/share/zinit/polaris/bin:/home/victor/.asdf/shims:/home/victor/.asdf/bin:/usr/local/sbin:/usr/local/bin:/usr/sbin:/usr/bin:/sbin:/bin:/usr/games:/usr/local/games:/usr/lib/wsl/lib:/mnt/c/Windows/system32:/mnt/c/Windows:/mnt/c/Windows/System32/Wbem:/mnt/c/Windows/System32/WindowsPowerShell/v1.0/:/mnt/c/Windows/System32/OpenSSH/:/mnt/c/Program Files (x86)/NVIDIA Corporation/PhysX/Common:/mnt/c/Program Files/NVIDIA Corporation/NVIDIA NvDLISR:/mnt/c/Program Files (x86)/dotnet/:/mnt/c/Program Files/dotnet/:/mnt/c/Users/victo/AppData/Roaming/nvm:/mnt/c/Program Files/nodejs:/mnt/c/Program Files/Azure Data Studio/bin:/mnt/c/Program Files/Git/cmd:/mnt/c/Program Files/Docker/Docker/resources/bin:/mnt/c/Program Files/nodejs/:/mnt/c/Users/victo/AppData/Local/Programs/Python/Python311/Scripts/:/mnt/c/Users/victo/AppData/Local/Programs/Python/Python311/:/mnt/c/Users/victo/.console-ninja/.bin:/mnt/c/Users/victo/AppData/Local/pnpm:/mnt/c/Users/victo/AppData/Local/Microsoft/WindowsApps:/mnt/c/Users/victo/AppData/Local/Programs/Microsoft VS Code/bin:/mnt/c/Users/victo/AppData/Local/GitHubDesktop/bin:/mnt/c/Users/victo/AppData/Roaming/nvm:/mnt/c/Users/Public/nodejs:/mnt/c/Users/victo/AppData/Roaming/nvm:/mnt/c/Program Files/nodejs:/mnt/c/Program Files/PostgreSQL/15/bin:/mnt/c/Program Files/Azure Data Studio/bin:/mnt/c/Users/victo/AppData/Roaming/npm
SHELL=/usr/bin/zsh
DISPLAY=:0
HOSTTYPE=x86_64
LANG=C.UTF-8
TERM=xterm-256color

Active Locale:
LC_ALL=C.UTF-8
LC_COLLATE=C.UTF-8
LC_CTYPE=C.UTF-8
LC_MESSAGES=C.UTF-8
LC_MONETARY=C.UTF-8
LC_NUMERIC=C.UTF-8
LC_TIME=C.UTF-8

Signal Handlers:
   SIGSEGV: crash_handler in libjvm.so, mask=11100100010111111101111111111110, flags=SA_RESTART|SA_SIGINFO, unblocked
    SIGBUS: crash_handler in libjvm.so, mask=11100100010111111101111111111110, flags=SA_RESTART|SA_SIGINFO, unblocked
    SIGFPE: crash_handler in libjvm.so, mask=11100100010111111101111111111110, flags=SA_RESTART|SA_SIGINFO, unblocked
   SIGPIPE: javaSignalHandler in libjvm.so, mask=11100100010111111101111111111110, flags=SA_RESTART|SA_SIGINFO, blocked
   SIGXFSZ: javaSignalHandler in libjvm.so, mask=11100100010111111101111111111110, flags=SA_RESTART|SA_SIGINFO, blocked
    SIGILL: crash_handler in libjvm.so, mask=11100100010111111101111111111110, flags=SA_RESTART|SA_SIGINFO, unblocked
   SIGUSR2: SR_handler in libjvm.so, mask=00000000000000000000000000000000, flags=SA_RESTART|SA_SIGINFO, blocked
    SIGHUP: UserHandler in libjvm.so, mask=11100100010111111101111111111110, flags=SA_RESTART|SA_SIGINFO, blocked
    SIGINT: UserHandler in libjvm.so, mask=11100100010111111101111111111110, flags=SA_RESTART|SA_SIGINFO, blocked
   SIGTERM: UserHandler in libjvm.so, mask=11100100010111111101111111111110, flags=SA_RESTART|SA_SIGINFO, blocked
   SIGQUIT: UserHandler in libjvm.so, mask=11100100010111111101111111111110, flags=SA_RESTART|SA_SIGINFO, blocked
   SIGTRAP: crash_handler in libjvm.so, mask=11100100010111111101111111111110, flags=SA_RESTART|SA_SIGINFO, unblocked


Periodic native trim disabled


---------------  S Y S T E M  ---------------

OS:
DISTRIB_ID=Ubuntu
DISTRIB_RELEASE=22.04
DISTRIB_CODENAME=jammy
DISTRIB_DESCRIPTION="Ubuntu 22.04.3 LTS"
uname: Linux 5.15.133.1-microsoft-standard-WSL2 #1 SMP Thu Oct 5 21:02:42 UTC 2023 x86_64
OS uptime: 0 days 0:00 hours
libc: glibc 2.35 NPTL 2.35 
rlimit (soft/hard): STACK 8192k/infinity , CORE 0k/infinity , NPROC 47494/47494 , NOFILE 1048576/1048576 , AS infinity/infinity , CPU infinity/infinity , DATA infinity/infinity , FSIZE infinity/infinity , MEMLOCK 65536k/65536k
load average: 3.39 0.79 0.26

/proc/meminfo:
MemTotal:       12165096 kB
MemFree:         8815820 kB
MemAvailable:    9554668 kB
Buffers:           52880 kB
Cached:           898204 kB
SwapCached:            0 kB
Active:           261080 kB
Inactive:        2699544 kB
Active(anon):       2924 kB
Inactive(anon):  2010028 kB
Active(file):     258156 kB
Inactive(file):   689516 kB
Unevictable:           0 kB
Mlocked:               0 kB
SwapTotal:       3145728 kB
SwapFree:        3145728 kB
Dirty:              1032 kB
Writeback:             0 kB
AnonPages:       2004344 kB
Mapped:           261836 kB
Shmem:              3424 kB
KReclaimable:      46560 kB
Slab:             102396 kB
SReclaimable:      46560 kB
SUnreclaim:        55836 kB
KernelStack:        9800 kB
PageTables:        24332 kB
NFS_Unstable:          0 kB
Bounce:                0 kB
WritebackTmp:          0 kB
CommitLimit:     9228276 kB
Committed_AS:    2814384 kB
VmallocTotal:   34359738367 kB
VmallocUsed:       31628 kB
VmallocChunk:          0 kB
Percpu:             3520 kB
AnonHugePages:    831488 kB
ShmemHugePages:        0 kB
ShmemPmdMapped:        0 kB
FileHugePages:         0 kB
FilePmdMapped:         0 kB
HugePages_Total:       0
HugePages_Free:        0
HugePages_Rsvd:        0
HugePages_Surp:        0
Hugepagesize:       2048 kB
Hugetlb:               0 kB
DirectMap4k:       80896 kB
DirectMap2M:    11364352 kB
DirectMap1G:    10485760 kB

/sys/kernel/mm/transparent_hugepage/enabled: [always] madvise never
/sys/kernel/mm/transparent_hugepage/defrag (defrag/compaction efforts parameter): always defer defer+madvise [madvise] never

Process Memory:
Virtual Size: 4940016K (peak: 4940016K)
Resident Set Size: 167900K (peak: 167900K) (anon: 137680K, file: 30220K, shmem: 0K)
Swapped out: 0K
C-Heap outstanding allocations: 50613K, retained: 26354K
glibc malloc tunables: (default)

/proc/sys/kernel/threads-max (system-wide limit on the number of threads): 94988
/proc/sys/vm/max_map_count (maximum number of memory map areas a process may have): 65530
/proc/sys/kernel/pid_max (system-wide limit on number of process identifiers): 4194304

container (cgroup) information:
container_type: cgroupv1
cpu_cpuset_cpus: 0-7
cpu_memory_nodes: 0
active_processor_count: 8
cpu_quota: no quota
cpu_period: 100000
cpu_shares: no shares
memory_limit_in_bytes: unlimited
memory_and_swap_limit_in_bytes: unlimited
memory_soft_limit_in_bytes: unlimited
memory_usage_in_bytes: 2957316 k
memory_max_usage_in_bytes: 465768 k
kernel_memory_usage_in_bytes: 19852 k
kernel_memory_max_usage_in_bytes: unlimited
kernel_memory_limit_in_bytes: 24508 k
maximum number of tasks: not supported
current number of tasks: not supported

Hyper-V virtualization detected
Steal ticks since vm start: 0
Steal ticks percentage since vm start:  0.000

CPU: total 8 (initial active 8) (4 cores per cpu, 2 threads per core) family 6 model 165 stepping 2 microcode 0xffffffff, cx8, cmov, fxsr, ht, mmx, 3dnowpref, sse, sse2, sse3, ssse3, sse4.1, sse4.2, popcnt, lzcnt, tsc, avx, avx2, aes, erms, clmul, bmi1, bmi2, adx, fma, vzeroupper, clflush, clflushopt, hv
CPU Model and flags from /proc/cpuinfo:
model name	: Intel(R) Core(TM) i5-10300H CPU @ 2.50GHz
flags		: fpu vme de pse tsc msr pae mce cx8 apic sep mtrr pge mca cmov pat pse36 clflush mmx fxsr sse sse2 ss ht syscall nx pdpe1gb rdtscp lm constant_tsc arch_perfmon rep_good nopl xtopology cpuid pni pclmulqdq ssse3 fma cx16 pdcm pcid sse4_1 sse4_2 movbe popcnt aes xsave avx f16c rdrand hypervisor lahf_lm abm 3dnowprefetch invpcid_single ssbd ibrs ibpb stibp ibrs_enhanced fsgsbase bmi1 avx2 smep bmi2 erms invpcid rdseed adx smap clflushopt xsaveopt xsavec xgetbv1 xsaves flush_l1d arch_capabilities

Online cpus: 0-7
Offline cpus: 
BIOS frequency limitation: <Not Available>
Frequency switch latency (ns): <Not Available>
Available cpu frequencies: <Not Available>
Current governor: <Not Available>
Core performance/turbo boost: <Not Available>

Memory: 4k page, physical 12165096k(8814812k free), swap 3145728k(3145728k free)
Page Sizes: 4k

vm_info: OpenJDK 64-Bit Server VM (17.0.9+9) for linux-amd64 JRE (17.0.9+9), built on Oct 17 2023 00:00:00 by "admin" with gcc 10.3.0

END.
